2{"level":"info","message":"Koa server listening on port 3000","timestamp":"2017-03-23T19:20:45.670Z"}
{"level":"info","message":"Koa server listening on port 3000","timestamp":"2017-03-23T19:22:20.442Z"}
{"level":"info","message":"Koa server listening on port 3000","timestamp":"2017-03-23T19:24:27.371Z"}
{"level":"info","message":"Koa server listening on port 3000","timestamp":"2017-03-23T19:24:52.523Z"}
{"level":"info","message":"Koa server listening on port 3000","timestamp":"2017-03-23T19:25:55.677Z"}
{"level":"error","message":"ctx.send is not a function","timestamp":"2017-03-23T19:25:59.987Z"}
{"level":"info","message":"Koa server listening on port 3000","timestamp":"2017-03-23T19:29:36.629Z"}
{"level":"info","message":"Koa server listening on port 3000","timestamp":"2017-03-23T19:31:03.550Z"}
{"level":"info","message":"Koa server listening on port 3000","timestamp":"2017-03-23T19:38:06.855Z"}
{"level":"info","message":"Koa server listening on port 3000","timestamp":"2017-03-23T19:38:21.024Z"}
{"level":"info","message":"Koa server listening on port 3000","timestamp":"2017-03-23T19:38:25.037Z"}
{"level":"info","message":"Koa server listening on port 3000","timestamp":"2017-03-23T19:38:30.496Z"}
{"level":"info","message":"Koa server listening on port 5000","timestamp":"2017-03-27T15:59:18.406Z"}
{"level":"info","message":"Koa server listening on port 5000","timestamp":"2017-03-27T16:20:20.846Z"}
{"level":"info","message":"Koa server listening on port 5000","timestamp":"2017-03-27T16:20:34.165Z"}
{"level":"info","message":"Koa server listening on port 5000","timestamp":"2017-03-27T16:21:08.051Z"}
{"level":"info","message":"Koa server listening on port 5000","timestamp":"2017-03-27T16:21:09.373Z"}
{"level":"info","message":"Koa server listening on port 5000","timestamp":"2017-03-27T16:22:15.828Z"}
{"level":"info","message":"Koa server listening on port 5000","timestamp":"2017-03-27T16:22:20.347Z"}
{"level":"info","message":"Koa server listening on port 5000","timestamp":"2017-03-27T16:22:25.722Z"}
{"level":"info","message":"Koa server listening on port 5000","timestamp":"2017-03-27T16:22:29.652Z"}
{"level":"info","message":"Koa server listening on port 5000","timestamp":"2017-03-27T16:22:31.912Z"}
{"level":"info","message":"Koa server listening on port 5000","timestamp":"2017-03-27T16:22:37.914Z"}
{"level":"info","message":"Koa server listening on port 5000","timestamp":"2017-03-27T16:22:42.697Z"}
{"level":"info","message":"Koa server listening on port 5000","timestamp":"2017-03-27T16:22:51.981Z"}
{"level":"info","message":"Koa server listening on port 5000","timestamp":"2017-03-27T16:24:57.057Z"}
{"level":"info","message":"Koa server listening on port 5000","timestamp":"2017-03-27T16:25:10.600Z"}
{"level":"info","message":"Koa server listening on port 5000","timestamp":"2017-03-27T16:25:15.756Z"}
{"level":"info","message":"Koa server listening on port 5000","timestamp":"2017-03-27T16:25:17.370Z"}
{"level":"info","message":"Koa server listening on port 5000","timestamp":"2017-03-27T16:25:45.873Z"}
{"level":"info","message":"Koa server listening on port 5000","timestamp":"2017-03-27T16:25:54.462Z"}
{"level":"info","message":"Koa server listening on port 5000","timestamp":"2017-03-27T16:26:13.256Z"}
{"level":"info","message":"Koa server listening on port 5000","timestamp":"2017-03-27T16:26:19.139Z"}
{"level":"info","message":"Koa server listening on port 5000","timestamp":"2017-03-27T16:26:20.909Z"}
{"level":"info","message":"Koa server listening on port 5000","timestamp":"2017-03-27T16:26:24.464Z"}
{"level":"info","message":"Koa server listening on port 5000","timestamp":"2017-03-27T16:26:25.515Z"}
{"level":"info","message":"Koa server listening on port 5000","timestamp":"2017-03-27T16:26:26.822Z"}
{"level":"info","message":"Koa server listening on port 5000","timestamp":"2017-03-27T16:26:28.052Z"}
{"level":"info","message":"Koa server listening on port 5000","timestamp":"2017-03-27T16:26:29.007Z"}
{"level":"info","message":"Koa server listening on port 5000","timestamp":"2017-03-27T16:26:31.320Z"}
{"level":"info","message":"Koa server listening on port 5000","timestamp":"2017-03-27T16:26:34.717Z"}
{"level":"info","message":"Koa server listening on port 5000","timestamp":"2017-03-27T16:26:36.013Z"}
{"level":"info","message":"Koa server listening on port 5000","timestamp":"2017-03-27T16:26:38.262Z"}
{"level":"info","message":"Koa server listening on port 5000","timestamp":"2017-03-27T16:26:45.985Z"}
{"level":"info","message":"Koa server listening on port 5000","timestamp":"2017-03-27T16:26:47.134Z"}
{"level":"info","message":"Koa server listening on port 5000","timestamp":"2017-03-27T16:26:48.507Z"}
{"level":"info","message":"Koa server listening on port 5000","timestamp":"2017-03-27T16:28:52.900Z"}
{"level":"info","message":"Koa server listening on port 5000","timestamp":"2017-03-27T16:30:50.935Z"}
{"level":"info","message":"Koa server listening on port 5000","timestamp":"2017-03-27T16:31:30.697Z"}
{"level":"info","message":"Koa server listening on port 5000","timestamp":"2017-03-27T16:31:34.764Z"}
{"level":"info","message":"Koa server listening on port 5000","timestamp":"2017-03-27T16:31:38.368Z"}
{"level":"info","message":"Koa server listening on port 5000","timestamp":"2017-03-27T16:31:44.465Z"}
{"level":"info","message":"Koa server listening on port 5000","timestamp":"2017-03-27T16:31:45.288Z"}
{"level":"info","message":"Koa server listening on port 5000","timestamp":"2017-03-27T16:31:47.657Z"}
{"level":"info","message":"Koa server listening on port 5000","timestamp":"2017-03-27T16:31:48.897Z"}
{"level":"info","message":"Koa server listening on port 5000","timestamp":"2017-03-27T16:31:50.778Z"}
{"level":"info","message":"Koa server listening on port 5000","timestamp":"2017-03-27T16:31:54.273Z"}
{"level":"info","message":"Koa server listening on port 5000","timestamp":"2017-03-27T16:31:55.128Z"}
{"level":"info","message":"Koa server listening on port 5000","timestamp":"2017-03-27T16:32:05.272Z"}
{"level":"info","message":"Koa server listening on port 5000","timestamp":"2017-03-27T16:32:06.379Z"}
{"level":"info","message":"Koa server listening on port 5000","timestamp":"2017-03-27T16:32:11.776Z"}
{"level":"info","message":"Koa server listening on port 5000","timestamp":"2017-03-27T16:32:13.916Z"}
{"level":"info","message":"Koa server listening on port 5000","timestamp":"2017-03-27T16:32:19.329Z"}
{"level":"info","message":"Koa server listening on port 5000","timestamp":"2017-03-27T16:32:23.219Z"}
{"level":"info","message":"Koa server listening on port 5000","timestamp":"2017-03-27T16:32:35.913Z"}
{"level":"info","message":"Koa server listening on port 5000","timestamp":"2017-03-27T16:33:13.273Z"}
{"level":"info","message":"Koa server listening on port 5000","timestamp":"2017-03-27T16:34:50.132Z"}
{"level":"info","message":"Koa server listening on port 5000","timestamp":"2017-03-27T16:35:56.927Z"}
{"level":"info","message":"Koa server listening on port 5000","timestamp":"2017-03-27T16:36:03.614Z"}
{"level":"info","message":"Koa server listening on port 5000","timestamp":"2017-03-27T16:37:00.473Z"}
{"level":"info","message":"Koa server listening on port 5000","timestamp":"2017-03-27T16:37:08.032Z"}
{"level":"info","message":"Koa server listening on port 5000","timestamp":"2017-03-27T16:37:13.729Z"}
{"level":"info","message":"Koa server listening on port 5000","timestamp":"2017-03-27T16:37:28.170Z"}
{"level":"info","message":"Koa server listening on port 5000","timestamp":"2017-03-27T16:37:31.947Z"}
{"level":"info","message":"Koa server listening on port 5000","timestamp":"2017-03-27T16:37:32.990Z"}
{"level":"info","message":"Koa server listening on port 5000","timestamp":"2017-03-27T16:37:35.021Z"}
{"level":"info","message":"Koa server listening on port 5000","timestamp":"2017-03-27T16:37:37.223Z"}
{"level":"info","message":"Koa server listening on port 5000","timestamp":"2017-03-27T16:37:37.805Z"}
{"level":"info","message":"Koa server listening on port 5000","timestamp":"2017-03-27T16:37:46.896Z"}
{"level":"info","message":"Koa server listening on port 5000","timestamp":"2017-03-27T16:37:50.554Z"}
{"level":"info","message":"Koa server listening on port 5000","timestamp":"2017-03-27T16:38:14.187Z"}
{"level":"info","message":"Koa server listening on port 5000","timestamp":"2017-03-27T16:38:17.805Z"}
{"level":"info","message":"Koa server listening on port 5000","timestamp":"2017-03-27T16:38:33.392Z"}
{"level":"info","message":"Koa server listening on port 5000","timestamp":"2017-03-27T16:38:52.455Z"}
{"level":"info","message":"Koa server listening on port 5000","timestamp":"2017-03-27T16:38:57.002Z"}
{"level":"info","message":"Koa server listening on port 5000","timestamp":"2017-03-27T16:38:59.785Z"}
{"level":"info","message":"Koa server listening on port 5000","timestamp":"2017-03-27T16:39:22.323Z"}
{"level":"info","message":"Succesfully conected to the db","timestamp":"2017-03-27T16:48:11.422Z"}
{"level":"info","message":"Koa server listening on port 5000","timestamp":"2017-03-27T16:48:11.429Z"}
{"level":"info","message":"Succesfully conected to the db","timestamp":"2017-03-27T16:48:25.074Z"}
{"level":"info","message":"Koa server listening on port 5000","timestamp":"2017-03-27T16:48:25.082Z"}
{"level":"info","message":"Succesfully conected to the db","timestamp":"2017-03-27T16:48:34.333Z"}
{"level":"info","message":"Koa server listening on port 5000","timestamp":"2017-03-27T16:48:34.341Z"}
{"level":"info","message":"Succesfully conected to the db","timestamp":"2017-03-27T16:48:38.780Z"}
{"level":"info","message":"Koa server listening on port 5000","timestamp":"2017-03-27T16:48:38.789Z"}
{"level":"info","message":"Succesfully conected to the db","timestamp":"2017-03-27T16:50:38.715Z"}
{"level":"info","message":"Koa server listening on port 5000","timestamp":"2017-03-27T16:50:38.722Z"}
{"level":"info","message":"Succesfully conected to the db","timestamp":"2017-03-27T16:50:41.322Z"}
{"level":"info","message":"Koa server listening on port 5000","timestamp":"2017-03-27T16:50:41.329Z"}
{"level":"info","message":"Succesfully conected to the db","timestamp":"2017-03-27T16:50:42.508Z"}
{"level":"info","message":"Koa server listening on port 5000","timestamp":"2017-03-27T16:50:42.515Z"}
{"level":"info","message":"Succesfully conected to the db","timestamp":"2017-03-27T16:50:56.777Z"}
{"level":"info","message":"Koa server listening on port 5000","timestamp":"2017-03-27T16:50:56.785Z"}
{"level":"info","message":"Succesfully conected to the db","timestamp":"2017-03-27T16:51:12.331Z"}
{"level":"info","message":"Koa server listening on port 5000","timestamp":"2017-03-27T16:51:12.338Z"}
{"level":"info","message":"Succesfully conected to the db","timestamp":"2017-03-27T16:51:14.029Z"}
{"level":"info","message":"Koa server listening on port 5000","timestamp":"2017-03-27T16:51:14.037Z"}
{"level":"info","message":"Succesfully conected to the db","timestamp":"2017-03-27T16:52:43.934Z"}
{"level":"info","message":"Koa server listening on port 5000","timestamp":"2017-03-27T16:52:43.942Z"}
{"level":"info","message":"Succesfully conected to the db","timestamp":"2017-03-27T16:53:02.565Z"}
{"level":"info","message":"Koa server listening on port 5000","timestamp":"2017-03-27T16:53:02.572Z"}
{"level":"info","message":"Succesfully conected to the db","timestamp":"2017-03-27T16:53:46.670Z"}
{"level":"info","message":"Koa server listening on port 5000","timestamp":"2017-03-27T16:53:46.679Z"}
{"level":"info","message":"Succesfully conected to the db","timestamp":"2017-03-27T16:53:52.717Z"}
{"level":"info","message":"Koa server listening on port 5000","timestamp":"2017-03-27T16:53:52.725Z"}
{"level":"info","message":"Succesfully conected to the db","timestamp":"2017-03-27T16:53:58.918Z"}
{"level":"info","message":"Koa server listening on port 5000","timestamp":"2017-03-27T16:53:58.925Z"}
{"level":"info","message":"Succesfully conected to the db","timestamp":"2017-03-27T16:54:04.731Z"}
{"level":"info","message":"Koa server listening on port 5000","timestamp":"2017-03-27T16:54:04.739Z"}
{"level":"info","message":"Succesfully conected to the db","timestamp":"2017-03-27T16:56:44.880Z"}
{"level":"info","message":"Koa server listening on port 5000","timestamp":"2017-03-27T16:56:44.887Z"}
{"level":"info","message":"Succesfully conected to the db","timestamp":"2017-03-27T16:57:40.676Z"}
{"level":"info","message":"Koa server listening on port 5000","timestamp":"2017-03-27T16:57:40.683Z"}
{"level":"info","message":"Succesfully conected to the db","timestamp":"2017-03-27T16:58:05.514Z"}
{"level":"info","message":"Koa server listening on port 5000","timestamp":"2017-03-27T16:58:05.521Z"}
{"level":"info","message":"Succesfully conected to the db","timestamp":"2017-03-27T16:58:22.256Z"}
{"level":"info","message":"Koa server listening on port 5000","timestamp":"2017-03-27T16:58:22.263Z"}
{"level":"info","message":"Succesfully conected to the db","timestamp":"2017-03-27T16:59:02.415Z"}
{"level":"info","message":"Koa server listening on port 5000","timestamp":"2017-03-27T16:59:02.423Z"}
{"level":"info","message":"Succesfully conected to the db","timestamp":"2017-03-27T17:00:28.323Z"}
{"level":"info","message":"Koa server listening on port 5000","timestamp":"2017-03-27T17:00:28.331Z"}
{"level":"info","message":"Succesfully conected to the db","timestamp":"2017-03-27T17:00:42.743Z"}
{"level":"info","message":"Koa server listening on port 5000","timestamp":"2017-03-27T17:00:42.751Z"}
{"level":"info","message":"Succesfully conected to the db","timestamp":"2017-03-27T17:00:48.753Z"}
{"level":"info","message":"Koa server listening on port 5000","timestamp":"2017-03-27T17:00:48.761Z"}
{"level":"info","message":"Succesfully conected to the db","timestamp":"2017-03-27T17:00:50.688Z"}
{"level":"info","message":"Koa server listening on port 5000","timestamp":"2017-03-27T17:00:50.696Z"}
{"level":"info","message":"Succesfully conected to the db","timestamp":"2017-03-27T17:00:56.442Z"}
{"level":"info","message":"Koa server listening on port 5000","timestamp":"2017-03-27T17:00:56.450Z"}
{"level":"info","message":"Succesfully conected to the db","timestamp":"2017-03-27T17:01:02.300Z"}
{"level":"info","message":"Koa server listening on port 5000","timestamp":"2017-03-27T17:01:02.308Z"}
{"level":"info","message":"Succesfully conected to the db","timestamp":"2017-03-27T17:01:04.955Z"}
{"level":"info","message":"Koa server listening on port 5000","timestamp":"2017-03-27T17:01:04.962Z"}
{"level":"info","message":"Succesfully conected to the db","timestamp":"2017-03-27T17:01:07.027Z"}
{"level":"info","message":"Koa server listening on port 5000","timestamp":"2017-03-27T17:01:07.035Z"}
{"level":"info","message":"Succesfully conected to the db","timestamp":"2017-03-27T17:01:08.007Z"}
{"level":"info","message":"Koa server listening on port 5000","timestamp":"2017-03-27T17:01:08.015Z"}
{"level":"info","message":"Succesfully conected to the db","timestamp":"2017-03-27T17:01:19.103Z"}
{"level":"info","message":"Koa server listening on port 5000","timestamp":"2017-03-27T17:01:19.110Z"}
{"level":"info","message":"Succesfully conected to the db","timestamp":"2017-03-27T17:01:24.556Z"}
{"level":"info","message":"Koa server listening on port 5000","timestamp":"2017-03-27T17:01:24.564Z"}
{"level":"info","message":"Succesfully conected to the db","timestamp":"2017-03-27T17:01:30.594Z"}
{"level":"info","message":"Koa server listening on port 5000","timestamp":"2017-03-27T17:01:30.601Z"}
{"level":"info","message":"Succesfully conected to the db","timestamp":"2017-03-27T17:01:33.381Z"}
{"level":"info","message":"Koa server listening on port 5000","timestamp":"2017-03-27T17:01:33.389Z"}
{"level":"info","message":"Succesfully conected to the db","timestamp":"2017-03-27T17:01:37.582Z"}
{"level":"info","message":"Koa server listening on port 5000","timestamp":"2017-03-27T17:01:37.590Z"}
{"level":"info","message":"Succesfully conected to the db","timestamp":"2017-03-27T17:01:47.288Z"}
{"level":"info","message":"Koa server listening on port 5000","timestamp":"2017-03-27T17:01:47.296Z"}
{"level":"info","message":"Succesfully conected to the db","timestamp":"2017-03-27T17:02:08.467Z"}
{"level":"info","message":"Koa server listening on port 5000","timestamp":"2017-03-27T17:02:08.477Z"}
{"level":"info","message":"Succesfully conected to the db","timestamp":"2017-03-27T17:03:01.762Z"}
{"level":"info","message":"Koa server listening on port 5000","timestamp":"2017-03-27T17:03:01.770Z"}
{"level":"info","message":"Succesfully conected to the db","timestamp":"2017-03-27T17:03:06.371Z"}
{"level":"info","message":"Koa server listening on port 5000","timestamp":"2017-03-27T17:03:06.379Z"}
{"level":"info","message":"Succesfully conected to the db","timestamp":"2017-03-27T17:03:08.493Z"}
{"level":"info","message":"Koa server listening on port 5000","timestamp":"2017-03-27T17:03:08.502Z"}
{"level":"info","message":"Succesfully conected to the db","timestamp":"2017-03-27T17:03:11.102Z"}
{"level":"info","message":"Koa server listening on port 5000","timestamp":"2017-03-27T17:03:11.110Z"}
{"level":"info","message":"Succesfully conected to the db","timestamp":"2017-03-27T17:03:19.357Z"}
{"level":"info","message":"Koa server listening on port 5000","timestamp":"2017-03-27T17:03:19.364Z"}
{"level":"info","message":"Succesfully conected to the db","timestamp":"2017-03-27T17:03:25.142Z"}
{"level":"info","message":"Koa server listening on port 5000","timestamp":"2017-03-27T17:03:25.150Z"}
{"level":"info","message":"Succesfully conected to the db","timestamp":"2017-03-27T17:05:36.790Z"}
{"level":"info","message":"Koa server listening on port 5000","timestamp":"2017-03-27T17:05:36.799Z"}
{"level":"info","message":"Succesfully conected to the db","timestamp":"2017-03-27T17:06:59.501Z"}
{"level":"info","message":"Koa server listening on port 5000","timestamp":"2017-03-27T17:06:59.508Z"}
{"level":"info","message":"Succesfully conected to the db","timestamp":"2017-03-27T17:07:32.441Z"}
{"level":"info","message":"Koa server listening on port 5000","timestamp":"2017-03-27T17:07:32.448Z"}
{"level":"info","message":"Succesfully conected to the db","timestamp":"2017-03-27T17:08:43.155Z"}
{"level":"info","message":"Koa server listening on port 5000","timestamp":"2017-03-27T17:08:43.163Z"}
{"level":"info","message":"Succesfully conected to the db","timestamp":"2017-03-27T17:08:47.051Z"}
{"level":"info","message":"Koa server listening on port 5000","timestamp":"2017-03-27T17:08:47.059Z"}
{"level":"info","message":"Succesfully conected to the db","timestamp":"2017-03-27T17:09:10.253Z"}
{"level":"info","message":"Koa server listening on port 5000","timestamp":"2017-03-27T17:09:10.262Z"}
{"level":"info","message":"Succesfully conected to the db","timestamp":"2017-03-27T17:09:11.444Z"}
{"level":"info","message":"Koa server listening on port 5000","timestamp":"2017-03-27T17:09:11.453Z"}
{"level":"info","message":"Succesfully conected to the db","timestamp":"2017-03-27T17:09:29.061Z"}
{"level":"info","message":"Koa server listening on port 5000","timestamp":"2017-03-27T17:09:29.068Z"}
{"level":"info","message":"Succesfully conected to the db","timestamp":"2017-03-27T17:09:46.961Z"}
{"level":"info","message":"Koa server listening on port 5000","timestamp":"2017-03-27T17:09:46.969Z"}
{"level":"info","message":"Succesfully conected to the db","timestamp":"2017-03-27T17:09:55.285Z"}
{"level":"info","message":"Koa server listening on port 5000","timestamp":"2017-03-27T17:09:55.293Z"}
{"level":"info","message":"Succesfully conected to the db","timestamp":"2017-03-27T17:09:57.792Z"}
{"level":"info","message":"Koa server listening on port 5000","timestamp":"2017-03-27T17:09:57.800Z"}
{"level":"info","message":"Succesfully conected to the db","timestamp":"2017-03-27T17:10:04.140Z"}
{"level":"info","message":"Koa server listening on port 5000","timestamp":"2017-03-27T17:10:04.147Z"}
{"level":"info","message":"Succesfully conected to the db","timestamp":"2017-03-27T17:10:04.757Z"}
{"level":"info","message":"Koa server listening on port 5000","timestamp":"2017-03-27T17:10:04.765Z"}
{"level":"info","message":"Succesfully conected to the db","timestamp":"2017-03-27T17:10:06.170Z"}
{"level":"info","message":"Koa server listening on port 5000","timestamp":"2017-03-27T17:10:06.177Z"}
{"level":"info","message":"Succesfully conected to the db","timestamp":"2017-03-27T17:10:12.077Z"}
{"level":"info","message":"Koa server listening on port 5000","timestamp":"2017-03-27T17:10:12.086Z"}
{"level":"info","message":"Succesfully conected to the db","timestamp":"2017-03-27T17:16:28.201Z"}
{"level":"info","message":"Koa server listening on port 5000","timestamp":"2017-03-27T17:16:28.209Z"}
{"level":"info","message":"Succesfully conected to the db","timestamp":"2017-03-27T17:18:37.598Z"}
{"level":"info","message":"Koa server listening on port 5000","timestamp":"2017-03-27T17:18:37.606Z"}
{"level":"info","message":"Succesfully conected to the db","timestamp":"2017-03-27T17:21:13.937Z"}
{"level":"info","message":"Koa server listening on port 5000","timestamp":"2017-03-27T17:21:13.945Z"}
{"level":"info","message":"Succesfully conected to the db","timestamp":"2017-03-27T17:21:55.340Z"}
{"level":"info","message":"Koa server listening on port 5000","timestamp":"2017-03-27T17:21:55.348Z"}
{"level":"info","message":"Succesfully conected to the db","timestamp":"2017-03-27T17:25:02.672Z"}
{"level":"info","message":"Koa server listening on port 5000","timestamp":"2017-03-27T17:25:02.680Z"}
{"level":"info","message":"Succesfully conected to the db","timestamp":"2017-03-27T17:29:39.850Z"}
{"level":"info","message":"Koa server listening on port 5000","timestamp":"2017-03-27T17:29:39.858Z"}
{"level":"info","message":"Succesfully conected to the db","timestamp":"2017-03-27T17:29:41.506Z"}
{"level":"info","message":"Koa server listening on port 5000","timestamp":"2017-03-27T17:29:41.514Z"}
{"level":"info","message":"Succesfully conected to the db","timestamp":"2017-03-27T17:31:33.445Z"}
{"level":"info","message":"Koa server listening on port 5000","timestamp":"2017-03-27T17:31:33.452Z"}
{"level":"info","message":"Succesfully conected to the db","timestamp":"2017-03-27T17:31:34.042Z"}
{"level":"info","message":"Koa server listening on port 5000","timestamp":"2017-03-27T17:31:34.049Z"}
{"level":"info","message":"Succesfully conected to the db","timestamp":"2017-03-27T17:31:40.653Z"}
{"level":"info","message":"Koa server listening on port 5000","timestamp":"2017-03-27T17:31:40.661Z"}
{"level":"info","message":"Succesfully conected to the db","timestamp":"2017-03-27T17:35:01.174Z"}
{"level":"info","message":"Koa server listening on port 5000","timestamp":"2017-03-27T17:35:01.182Z"}
{"level":"info","message":"Succesfully conected to the db","timestamp":"2017-03-27T17:35:02.486Z"}
{"level":"info","message":"Koa server listening on port 5000","timestamp":"2017-03-27T17:35:02.496Z"}
{"level":"info","message":"Succesfully conected to the db","timestamp":"2017-03-27T17:35:19.899Z"}
{"level":"info","message":"Koa server listening on port 5000","timestamp":"2017-03-27T17:35:19.907Z"}
{"level":"info","message":"Succesfully conected to the db","timestamp":"2017-03-27T17:35:40.614Z"}
{"level":"info","message":"Koa server listening on port 5000","timestamp":"2017-03-27T17:35:40.622Z"}
{"level":"info","message":"Succesfully conected to the db","timestamp":"2017-03-27T17:37:04.279Z"}
{"level":"info","message":"Koa server listening on port 5000","timestamp":"2017-03-27T17:37:04.286Z"}
{"level":"info","message":"Succesfully conected to the db","timestamp":"2017-03-27T17:37:17.722Z"}
{"level":"info","message":"Koa server listening on port 5000","timestamp":"2017-03-27T17:37:17.731Z"}
{"level":"info","message":"Succesfully conected to the db","timestamp":"2017-03-27T17:37:30.904Z"}
{"level":"info","message":"Koa server listening on port 5000","timestamp":"2017-03-27T17:37:30.912Z"}
{"level":"info","message":"Succesfully conected to the db","timestamp":"2017-03-27T17:46:42.810Z"}
{"level":"info","message":"Koa server listening on port 5000","timestamp":"2017-03-27T17:46:42.817Z"}
{"level":"info","message":"Succesfully conected to the db","timestamp":"2017-03-27T17:46:45.463Z"}
{"level":"info","message":"Koa server listening on port 5000","timestamp":"2017-03-27T17:46:45.472Z"}
{"level":"info","message":"Succesfully conected to the db","timestamp":"2017-03-27T17:46:50.735Z"}
{"level":"info","message":"Koa server listening on port 5000","timestamp":"2017-03-27T17:46:50.743Z"}
{"level":"info","message":"Succesfully conected to the db","timestamp":"2017-03-27T17:47:50.667Z"}
{"level":"info","message":"Koa server listening on port 5000","timestamp":"2017-03-27T17:47:50.675Z"}
{"level":"info","message":"Succesfully conected to the db","timestamp":"2017-03-27T17:48:43.078Z"}
{"level":"info","message":"Koa server listening on port 5000","timestamp":"2017-03-27T17:48:43.086Z"}
{"level":"info","message":"Succesfully conected to the db","timestamp":"2017-03-27T17:48:43.694Z"}
{"level":"info","message":"Koa server listening on port 5000","timestamp":"2017-03-27T17:48:43.702Z"}
{"level":"info","message":"Succesfully conected to the db","timestamp":"2017-03-27T17:49:09.874Z"}
{"level":"info","message":"Koa server listening on port 5000","timestamp":"2017-03-27T17:49:09.883Z"}
{"level":"error","message":"checkAccessToken(...).map is not a function","timestamp":"2017-03-27T17:49:11.858Z"}
{"level":"info","message":"Succesfully conected to the db","timestamp":"2017-03-27T17:49:18.259Z"}
{"level":"info","message":"Koa server listening on port 5000","timestamp":"2017-03-27T17:49:18.267Z"}
{"level":"info","message":"Succesfully conected to the db","timestamp":"2017-03-27T17:49:39.244Z"}
{"level":"info","message":"Koa server listening on port 5000","timestamp":"2017-03-27T17:49:39.251Z"}
{"level":"info","message":"Succesfully conected to the db","timestamp":"2017-03-27T17:49:44.996Z"}
{"level":"info","message":"Koa server listening on port 5000","timestamp":"2017-03-27T17:49:45.003Z"}
{"level":"info","message":"Succesfully conected to the db","timestamp":"2017-03-27T17:49:46.356Z"}
{"level":"info","message":"Koa server listening on port 5000","timestamp":"2017-03-27T17:49:46.363Z"}
{"level":"info","message":"Succesfully conected to the db","timestamp":"2017-03-27T17:49:52.865Z"}
{"level":"info","message":"Koa server listening on port 5000","timestamp":"2017-03-27T17:49:52.872Z"}
{"level":"info","message":"Succesfully conected to the db","timestamp":"2017-03-27T17:49:59.776Z"}
{"level":"info","message":"Koa server listening on port 5000","timestamp":"2017-03-27T17:49:59.784Z"}
{"level":"info","message":"Succesfully conected to the db","timestamp":"2017-03-27T17:50:02.412Z"}
{"level":"info","message":"Koa server listening on port 5000","timestamp":"2017-03-27T17:50:02.420Z"}
{"level":"info","message":"Succesfully conected to the db","timestamp":"2017-03-27T17:50:05.623Z"}
{"level":"info","message":"Koa server listening on port 5000","timestamp":"2017-03-27T17:50:05.630Z"}
{"level":"info","message":"Succesfully conected to the db","timestamp":"2017-03-27T17:50:09.818Z"}
{"level":"info","message":"Koa server listening on port 5000","timestamp":"2017-03-27T17:50:09.825Z"}
{"level":"info","message":"Succesfully conected to the db","timestamp":"2017-03-27T17:50:18.814Z"}
{"level":"info","message":"Koa server listening on port 5000","timestamp":"2017-03-27T17:50:18.822Z"}
{"level":"info","message":"Succesfully conected to the db","timestamp":"2017-03-27T17:50:24.176Z"}
{"level":"info","message":"Koa server listening on port 5000","timestamp":"2017-03-27T17:50:24.183Z"}
{"level":"info","message":"Succesfully conected to the db","timestamp":"2017-03-27T17:50:25.600Z"}
{"level":"info","message":"Koa server listening on port 5000","timestamp":"2017-03-27T17:50:25.607Z"}
{"level":"info","message":"Succesfully conected to the db","timestamp":"2017-03-27T17:50:48.078Z"}
{"level":"info","message":"Koa server listening on port 5000","timestamp":"2017-03-27T17:50:48.086Z"}
{"level":"info","message":"Succesfully conected to the db","timestamp":"2017-03-27T17:50:56.529Z"}
{"level":"info","message":"Koa server listening on port 5000","timestamp":"2017-03-27T17:50:56.537Z"}
{"level":"error","message":"checkAccessToken(...).map is not a function","timestamp":"2017-03-27T17:50:58.296Z"}
{"level":"info","message":"Succesfully conected to the db","timestamp":"2017-03-27T17:51:03.089Z"}
{"level":"info","message":"Koa server listening on port 5000","timestamp":"2017-03-27T17:51:03.097Z"}
{"level":"info","message":"Succesfully conected to the db","timestamp":"2017-03-27T17:51:07.416Z"}
{"level":"info","message":"Koa server listening on port 5000","timestamp":"2017-03-27T17:51:07.424Z"}
{"level":"info","message":"Succesfully conected to the db","timestamp":"2017-03-27T17:51:29.557Z"}
{"level":"info","message":"Koa server listening on port 5000","timestamp":"2017-03-27T17:51:29.565Z"}
{"level":"info","message":"Succesfully conected to the db","timestamp":"2017-03-27T17:51:32.539Z"}
{"level":"info","message":"Koa server listening on port 5000","timestamp":"2017-03-27T17:51:32.547Z"}
{"level":"info","message":"Succesfully conected to the db","timestamp":"2017-03-27T17:51:33.653Z"}
{"level":"info","message":"Koa server listening on port 5000","timestamp":"2017-03-27T17:51:33.659Z"}
{"level":"info","message":"Succesfully conected to the db","timestamp":"2017-03-27T17:51:44.476Z"}
{"level":"info","message":"Koa server listening on port 5000","timestamp":"2017-03-27T17:51:44.483Z"}
{"level":"info","message":"Succesfully conected to the db","timestamp":"2017-03-27T17:51:51.328Z"}
{"level":"info","message":"Koa server listening on port 5000","timestamp":"2017-03-27T17:51:51.336Z"}
{"level":"info","message":"Succesfully conected to the db","timestamp":"2017-03-27T17:51:52.460Z"}
{"level":"info","message":"Koa server listening on port 5000","timestamp":"2017-03-27T17:51:52.469Z"}
{"level":"info","message":"Succesfully conected to the db","timestamp":"2017-03-27T17:52:02.961Z"}
{"level":"info","message":"Koa server listening on port 5000","timestamp":"2017-03-27T17:52:02.968Z"}
{"level":"info","message":"Succesfully conected to the db","timestamp":"2017-03-27T17:52:11.864Z"}
{"level":"info","message":"Koa server listening on port 5000","timestamp":"2017-03-27T17:52:11.872Z"}
{"level":"info","message":"Succesfully conected to the db","timestamp":"2017-03-27T17:52:16.373Z"}
{"level":"info","message":"Koa server listening on port 5000","timestamp":"2017-03-27T17:52:16.381Z"}
{"level":"info","message":"Succesfully conected to the db","timestamp":"2017-03-27T17:52:28.159Z"}
{"level":"info","message":"Koa server listening on port 5000","timestamp":"2017-03-27T17:52:28.166Z"}
{"level":"info","message":"Succesfully conected to the db","timestamp":"2017-03-27T17:52:31.652Z"}
{"level":"info","message":"Koa server listening on port 5000","timestamp":"2017-03-27T17:52:31.659Z"}
{"level":"info","message":"Succesfully conected to the db","timestamp":"2017-03-27T17:52:38.395Z"}
{"level":"info","message":"Koa server listening on port 5000","timestamp":"2017-03-27T17:52:38.403Z"}
{"level":"info","message":"Succesfully conected to the db","timestamp":"2017-03-27T17:53:02.704Z"}
{"level":"info","message":"Koa server listening on port 5000","timestamp":"2017-03-27T17:53:02.712Z"}
{"level":"info","message":"Succesfully conected to the db","timestamp":"2017-03-27T17:53:05.056Z"}
{"level":"info","message":"Koa server listening on port 5000","timestamp":"2017-03-27T17:53:05.064Z"}
{"level":"info","message":"Succesfully conected to the db","timestamp":"2017-03-27T17:53:05.557Z"}
{"level":"info","message":"Koa server listening on port 5000","timestamp":"2017-03-27T17:53:05.566Z"}
{"level":"info","message":"Succesfully conected to the db","timestamp":"2017-03-27T17:53:07.231Z"}
{"level":"info","message":"Koa server listening on port 5000","timestamp":"2017-03-27T17:53:07.238Z"}
{"level":"info","message":"Succesfully conected to the db","timestamp":"2017-03-27T17:53:13.731Z"}
{"level":"info","message":"Koa server listening on port 5000","timestamp":"2017-03-27T17:53:13.744Z"}
{"level":"info","message":"Succesfully conected to the db","timestamp":"2017-03-27T17:53:26.537Z"}
{"level":"info","message":"Koa server listening on port 5000","timestamp":"2017-03-27T17:53:26.544Z"}
{"level":"info","message":"Succesfully conected to the db","timestamp":"2017-03-27T17:55:28.114Z"}
{"level":"info","message":"Koa server listening on port 5000","timestamp":"2017-03-27T17:55:28.121Z"}
{"level":"info","message":"Succesfully conected to the db","timestamp":"2017-03-27T17:56:02.406Z"}
{"level":"info","message":"Koa server listening on port 5000","timestamp":"2017-03-27T17:56:02.414Z"}
{"level":"error","message":"folktale:Data.Result.Ok({ value: { error: { message: \"An active access token must be used to query information about the current user.\", type: \"OAuthException\", code: 2500, fbtrace_id: \"HP3IJMU0GCH\" } } })","timestamp":"2017-03-27T17:56:06.610Z"}
{"level":"info","message":"Succesfully conected to the db","timestamp":"2017-03-27T17:57:02.943Z"}
{"level":"info","message":"Koa server listening on port 5000","timestamp":"2017-03-27T17:57:02.951Z"}
{"level":"info","message":"Succesfully conected to the db","timestamp":"2017-03-27T17:57:05.380Z"}
{"level":"info","message":"Koa server listening on port 5000","timestamp":"2017-03-27T17:57:05.388Z"}
{"level":"info","message":"Succesfully conected to the db","timestamp":"2017-03-27T17:57:07.904Z"}
{"level":"info","message":"Koa server listening on port 5000","timestamp":"2017-03-27T17:57:07.912Z"}
{"level":"info","message":"Succesfully conected to the db","timestamp":"2017-03-27T17:57:09.738Z"}
{"level":"info","message":"Koa server listening on port 5000","timestamp":"2017-03-27T17:57:09.745Z"}
{"level":"info","message":"Succesfully conected to the db","timestamp":"2017-03-27T17:57:10.075Z"}
{"level":"info","message":"Koa server listening on port 5000","timestamp":"2017-03-27T17:57:10.082Z"}
{"level":"info","message":"Succesfully conected to the db","timestamp":"2017-03-27T17:57:14.315Z"}
{"level":"info","message":"Koa server listening on port 5000","timestamp":"2017-03-27T17:57:14.324Z"}
{"level":"info","message":"Succesfully conected to the db","timestamp":"2017-03-27T17:57:28.315Z"}
{"level":"info","message":"Koa server listening on port 5000","timestamp":"2017-03-27T17:57:28.322Z"}
{"level":"error","message":"folktale:Data.Result.Ok({ value: { error: { message: \"An active access token must be used to query information about the current user.\", type: \"OAuthException\", code: 2500, fbtrace_id: \"EwBVB+/6HTD\" } } })","timestamp":"2017-03-27T17:57:33.339Z"}
{"level":"info","message":"Succesfully conected to the db","timestamp":"2017-03-27T17:57:56.049Z"}
{"level":"info","message":"Koa server listening on port 5000","timestamp":"2017-03-27T17:57:56.057Z"}
{"level":"info","message":"Succesfully conected to the db","timestamp":"2017-03-27T17:57:59.556Z"}
{"level":"info","message":"Koa server listening on port 5000","timestamp":"2017-03-27T17:57:59.564Z"}
{"level":"info","message":"Succesfully conected to the db","timestamp":"2017-03-27T17:58:19.171Z"}
{"level":"info","message":"Koa server listening on port 5000","timestamp":"2017-03-27T17:58:19.178Z"}
{"level":"info","message":"Succesfully conected to the db","timestamp":"2017-03-27T17:58:31.483Z"}
{"level":"info","message":"Koa server listening on port 5000","timestamp":"2017-03-27T17:58:31.491Z"}
{"level":"info","message":"Succesfully conected to the db","timestamp":"2017-03-27T17:58:34.851Z"}
{"level":"info","message":"Koa server listening on port 5000","timestamp":"2017-03-27T17:58:34.860Z"}
{"level":"info","message":"Succesfully conected to the db","timestamp":"2017-03-27T17:58:40.663Z"}
{"level":"info","message":"Koa server listening on port 5000","timestamp":"2017-03-27T17:58:40.671Z"}
{"level":"info","message":"Succesfully conected to the db","timestamp":"2017-03-27T17:58:49.332Z"}
{"level":"info","message":"Koa server listening on port 5000","timestamp":"2017-03-27T17:58:49.339Z"}
{"level":"info","message":"Succesfully conected to the db","timestamp":"2017-03-27T17:58:53.291Z"}
{"level":"info","message":"Koa server listening on port 5000","timestamp":"2017-03-27T17:58:53.299Z"}
{"level":"info","message":"Succesfully conected to the db","timestamp":"2017-03-27T17:58:53.941Z"}
{"level":"info","message":"Koa server listening on port 5000","timestamp":"2017-03-27T17:58:53.949Z"}
{"level":"info","message":"Succesfully conected to the db","timestamp":"2017-03-27T17:59:16.407Z"}
{"level":"info","message":"Koa server listening on port 5000","timestamp":"2017-03-27T17:59:16.415Z"}
{"level":"info","message":"Succesfully conected to the db","timestamp":"2017-03-27T17:59:19.830Z"}
{"level":"info","message":"Koa server listening on port 5000","timestamp":"2017-03-27T17:59:19.839Z"}
{"level":"info","message":"Succesfully conected to the db","timestamp":"2017-03-27T17:59:22.284Z"}
{"level":"info","message":"Koa server listening on port 5000","timestamp":"2017-03-27T17:59:22.292Z"}
{"level":"info","message":"Succesfully conected to the db","timestamp":"2017-03-27T17:59:24.044Z"}
{"level":"info","message":"Koa server listening on port 5000","timestamp":"2017-03-27T17:59:24.051Z"}
{"level":"info","message":"Succesfully conected to the db","timestamp":"2017-03-27T17:59:29.262Z"}
{"level":"info","message":"Koa server listening on port 5000","timestamp":"2017-03-27T17:59:29.270Z"}
{"level":"info","message":"Succesfully conected to the db","timestamp":"2017-03-27T17:59:39.120Z"}
{"level":"info","message":"Koa server listening on port 5000","timestamp":"2017-03-27T17:59:39.127Z"}
{"level":"info","message":"Succesfully conected to the db","timestamp":"2017-03-27T17:59:42.582Z"}
{"level":"info","message":"Koa server listening on port 5000","timestamp":"2017-03-27T17:59:42.590Z"}
{"level":"info","message":"Succesfully conected to the db","timestamp":"2017-03-27T17:59:53.304Z"}
{"level":"info","message":"Koa server listening on port 5000","timestamp":"2017-03-27T17:59:53.312Z"}
{"level":"info","message":"Succesfully conected to the db","timestamp":"2017-03-27T17:59:58.480Z"}
{"level":"info","message":"Koa server listening on port 5000","timestamp":"2017-03-27T17:59:58.488Z"}
{"level":"info","message":"Succesfully conected to the db","timestamp":"2017-03-27T18:00:03.912Z"}
{"level":"info","message":"Koa server listening on port 5000","timestamp":"2017-03-27T18:00:03.921Z"}
{"level":"info","message":"Succesfully conected to the db","timestamp":"2017-03-27T18:00:26.937Z"}
{"level":"info","message":"Koa server listening on port 5000","timestamp":"2017-03-27T18:00:26.945Z"}
{"level":"info","message":"Succesfully conected to the db","timestamp":"2017-03-27T18:00:28.909Z"}
{"level":"info","message":"Koa server listening on port 5000","timestamp":"2017-03-27T18:00:28.917Z"}
{"level":"info","message":"Succesfully conected to the db","timestamp":"2017-03-27T18:00:53.242Z"}
{"level":"info","message":"Koa server listening on port 5000","timestamp":"2017-03-27T18:00:53.249Z"}
{"level":"info","message":"Succesfully conected to the db","timestamp":"2017-03-27T18:00:55.253Z"}
{"level":"info","message":"Koa server listening on port 5000","timestamp":"2017-03-27T18:00:55.261Z"}
{"level":"info","message":"Succesfully conected to the db","timestamp":"2017-03-27T18:01:01.679Z"}
{"level":"info","message":"Koa server listening on port 5000","timestamp":"2017-03-27T18:01:01.688Z"}
{"level":"info","message":"Succesfully conected to the db","timestamp":"2017-03-27T18:01:02.940Z"}
{"level":"info","message":"Koa server listening on port 5000","timestamp":"2017-03-27T18:01:02.948Z"}
{"level":"info","message":"Succesfully conected to the db","timestamp":"2017-03-27T18:01:08.460Z"}
{"level":"info","message":"Koa server listening on port 5000","timestamp":"2017-03-27T18:01:08.468Z"}
{"level":"info","message":"Succesfully conected to the db","timestamp":"2017-03-27T18:01:28.302Z"}
{"level":"info","message":"Koa server listening on port 5000","timestamp":"2017-03-27T18:01:28.310Z"}
{"level":"info","message":"Succesfully conected to the db","timestamp":"2017-03-27T18:01:37.522Z"}
{"level":"info","message":"Koa server listening on port 5000","timestamp":"2017-03-27T18:01:37.530Z"}
{"level":"info","message":"Succesfully conected to the db","timestamp":"2017-03-27T18:01:39.563Z"}
{"level":"info","message":"Koa server listening on port 5000","timestamp":"2017-03-27T18:01:39.570Z"}
{"level":"info","message":"Succesfully conected to the db","timestamp":"2017-03-27T18:02:05.188Z"}
{"level":"info","message":"Koa server listening on port 5000","timestamp":"2017-03-27T18:02:05.196Z"}
{"level":"info","message":"Succesfully conected to the db","timestamp":"2017-03-27T18:02:22.890Z"}
{"level":"info","message":"Koa server listening on port 5000","timestamp":"2017-03-27T18:02:22.898Z"}
{"level":"info","message":"Succesfully conected to the db","timestamp":"2017-03-27T18:02:33.212Z"}
{"level":"info","message":"Koa server listening on port 5000","timestamp":"2017-03-27T18:02:33.220Z"}
{"level":"info","message":"Succesfully conected to the db","timestamp":"2017-03-27T18:02:54.041Z"}
{"level":"info","message":"Koa server listening on port 5000","timestamp":"2017-03-27T18:02:54.048Z"}
{"level":"info","message":"Succesfully conected to the db","timestamp":"2017-03-27T18:06:44.795Z"}
{"level":"info","message":"Koa server listening on port 5000","timestamp":"2017-03-27T18:06:44.803Z"}
{"level":"info","message":"Succesfully conected to the db","timestamp":"2017-03-27T18:12:45.522Z"}
{"level":"info","message":"Koa server listening on port 5000","timestamp":"2017-03-27T18:12:45.531Z"}
{"level":"info","message":"Succesfully conected to the db","timestamp":"2017-03-27T18:19:43.675Z"}
{"level":"info","message":"Koa server listening on port 5000","timestamp":"2017-03-27T18:19:43.683Z"}
{"level":"info","message":"Succesfully conected to the db","timestamp":"2017-03-27T18:19:47.097Z"}
{"level":"info","message":"Koa server listening on port 5000","timestamp":"2017-03-27T18:19:47.105Z"}
{"level":"info","message":"Succesfully conected to the db","timestamp":"2017-03-27T18:19:55.656Z"}
{"level":"info","message":"Koa server listening on port 5000","timestamp":"2017-03-27T18:19:55.663Z"}
{"level":"info","message":"Succesfully conected to the db","timestamp":"2017-03-27T18:20:00.434Z"}
{"level":"info","message":"Koa server listening on port 5000","timestamp":"2017-03-27T18:20:00.442Z"}
{"level":"info","message":"Succesfully conected to the db","timestamp":"2017-03-27T18:20:11.103Z"}
{"level":"info","message":"Koa server listening on port 5000","timestamp":"2017-03-27T18:20:11.112Z"}
{"level":"info","message":"Succesfully conected to the db","timestamp":"2017-03-27T18:20:54.504Z"}
{"level":"info","message":"Koa server listening on port 5000","timestamp":"2017-03-27T18:20:54.511Z"}
{"level":"info","message":"Succesfully conected to the db","timestamp":"2017-03-27T18:20:55.642Z"}
{"level":"info","message":"Koa server listening on port 5000","timestamp":"2017-03-27T18:20:55.651Z"}
{"level":"info","message":"Succesfully conected to the db","timestamp":"2017-03-27T18:20:59.035Z"}
{"level":"info","message":"Koa server listening on port 5000","timestamp":"2017-03-27T18:20:59.043Z"}
{"level":"info","message":"Succesfully conected to the db","timestamp":"2017-03-27T18:21:18.347Z"}
{"level":"info","message":"Koa server listening on port 5000","timestamp":"2017-03-27T18:21:18.355Z"}
{"level":"info","message":"Succesfully conected to the db","timestamp":"2017-03-27T18:21:23.562Z"}
{"level":"info","message":"Koa server listening on port 5000","timestamp":"2017-03-27T18:21:23.569Z"}
{"level":"info","message":"Succesfully conected to the db","timestamp":"2017-03-27T18:27:11.432Z"}
{"level":"info","message":"Koa server listening on port 5000","timestamp":"2017-03-27T18:27:11.441Z"}
{"level":"info","message":"Succesfully conected to the db","timestamp":"2017-03-27T18:28:13.099Z"}
{"level":"info","message":"Koa server listening on port 5000","timestamp":"2017-03-27T18:28:13.109Z"}
{"level":"info","message":"Succesfully conected to the db","timestamp":"2017-03-27T18:30:00.689Z"}
{"level":"info","message":"Koa server listening on port 5000","timestamp":"2017-03-27T18:30:00.696Z"}
{"level":"info","message":"Succesfully conected to the db","timestamp":"2017-03-27T18:32:24.983Z"}
{"level":"info","message":"Koa server listening on port 5000","timestamp":"2017-03-27T18:32:24.991Z"}
{"level":"info","message":"Succesfully conected to the db","timestamp":"2017-03-27T18:32:45.285Z"}
{"level":"info","message":"Koa server listening on port 5000","timestamp":"2017-03-27T18:32:45.293Z"}
{"level":"info","message":"Succesfully conected to the db","timestamp":"2017-03-27T18:32:55.575Z"}
{"level":"info","message":"Koa server listening on port 5000","timestamp":"2017-03-27T18:32:55.584Z"}
{"level":"error","message":"Cannot match against 'undefined' or 'null'.","timestamp":"2017-03-27T18:33:00.680Z"}
{"level":"info","message":"Succesfully conected to the db","timestamp":"2017-03-27T18:33:24.280Z"}
{"level":"info","message":"Koa server listening on port 5000","timestamp":"2017-03-27T18:33:24.288Z"}
{"level":"error","message":"Cannot match against 'undefined' or 'null'.","timestamp":"2017-03-27T18:34:04.445Z"}
{"level":"error","message":"Cannot match against 'undefined' or 'null'.","timestamp":"2017-03-27T18:34:41.611Z"}
{"level":"info","message":"Succesfully conected to the db","timestamp":"2017-03-27T18:36:22.464Z"}
{"level":"info","message":"Koa server listening on port 5000","timestamp":"2017-03-27T18:36:22.472Z"}
{"level":"error","message":"Cannot match against 'undefined' or 'null'.","timestamp":"2017-03-27T18:36:33.252Z"}
{"level":"error","message":"Cannot match against 'undefined' or 'null'.","timestamp":"2017-03-27T18:40:54.837Z"}
{"level":"info","message":"Succesfully conected to the db","timestamp":"2017-03-27T18:42:51.578Z"}
{"level":"info","message":"Koa server listening on port 5000","timestamp":"2017-03-27T18:42:51.587Z"}
{"level":"info","message":"Succesfully conected to the db","timestamp":"2017-03-27T18:48:20.991Z"}
{"level":"info","message":"Koa server listening on port 5000","timestamp":"2017-03-27T18:48:20.998Z"}
{"level":"info","message":"Succesfully conected to the db","timestamp":"2017-03-27T18:48:25.581Z"}
{"level":"info","message":"Koa server listening on port 5000","timestamp":"2017-03-27T18:48:25.589Z"}
{"level":"info","message":"Succesfully conected to the db","timestamp":"2017-03-27T18:49:37.552Z"}
{"level":"info","message":"Koa server listening on port 5000","timestamp":"2017-03-27T18:49:37.560Z"}
{"level":"info","message":"Succesfully conected to the db","timestamp":"2017-03-27T18:49:38.618Z"}
{"level":"info","message":"Koa server listening on port 5000","timestamp":"2017-03-27T18:49:38.626Z"}
{"level":"info","message":"Succesfully conected to the db","timestamp":"2017-03-27T18:50:12.490Z"}
{"level":"info","message":"Koa server listening on port 5000","timestamp":"2017-03-27T18:50:12.498Z"}
{"level":"info","message":"Succesfully conected to the db","timestamp":"2017-03-27T18:50:17.074Z"}
{"level":"info","message":"Koa server listening on port 5000","timestamp":"2017-03-27T18:50:17.082Z"}
{"level":"info","message":"Succesfully conected to the db","timestamp":"2017-03-27T18:50:19.795Z"}
{"level":"info","message":"Koa server listening on port 5000","timestamp":"2017-03-27T18:50:19.803Z"}
{"level":"info","message":"Succesfully conected to the db","timestamp":"2017-03-27T18:50:20.963Z"}
{"level":"info","message":"Koa server listening on port 5000","timestamp":"2017-03-27T18:50:20.971Z"}
{"level":"info","message":"Succesfully conected to the db","timestamp":"2017-03-27T18:50:22.807Z"}
{"level":"info","message":"Koa server listening on port 5000","timestamp":"2017-03-27T18:50:22.814Z"}
{"level":"info","message":"Succesfully conected to the db","timestamp":"2017-03-27T18:50:38.205Z"}
{"level":"info","message":"Koa server listening on port 5000","timestamp":"2017-03-27T18:50:38.212Z"}
{"level":"info","message":"Succesfully conected to the db","timestamp":"2017-03-27T18:50:46.592Z"}
{"level":"info","message":"Koa server listening on port 5000","timestamp":"2017-03-27T18:50:46.600Z"}
{"level":"info","message":"Succesfully conected to the db","timestamp":"2017-03-27T18:50:56.020Z"}
{"level":"info","message":"Koa server listening on port 5000","timestamp":"2017-03-27T18:50:56.028Z"}
{"level":"info","message":"Succesfully conected to the db","timestamp":"2017-03-27T18:51:17.504Z"}
{"level":"info","message":"Koa server listening on port 5000","timestamp":"2017-03-27T18:51:17.514Z"}
{"level":"info","message":"Succesfully conected to the db","timestamp":"2017-03-27T18:51:31.877Z"}
{"level":"info","message":"Koa server listening on port 5000","timestamp":"2017-03-27T18:51:31.885Z"}
{"level":"error","message":"Cannot read property 'X-Auth-Source' of undefined","timestamp":"2017-03-27T18:52:16.729Z"}
{"level":"info","message":"Succesfully conected to the db","timestamp":"2017-03-27T18:53:47.025Z"}
{"level":"info","message":"Koa server listening on port 5000","timestamp":"2017-03-27T18:53:47.033Z"}
{"level":"info","message":"Succesfully conected to the db","timestamp":"2017-03-27T18:54:36.031Z"}
{"level":"info","message":"Koa server listening on port 5000","timestamp":"2017-03-27T18:54:36.040Z"}
{"level":"error","message":"Cannot read property 'X-Auth-Source' of undefined","timestamp":"2017-03-27T18:54:37.452Z"}
{"level":"info","message":"Succesfully conected to the db","timestamp":"2017-03-27T18:54:42.953Z"}
{"level":"info","message":"Koa server listening on port 5000","timestamp":"2017-03-27T18:54:42.965Z"}
{"level":"error","message":"Cannot read property 'X-Auth-Source' of undefined","timestamp":"2017-03-27T18:54:48.489Z"}
{"level":"info","message":"Succesfully conected to the db","timestamp":"2017-03-27T18:55:23.338Z"}
{"level":"info","message":"Koa server listening on port 5000","timestamp":"2017-03-27T18:55:23.345Z"}
{"level":"info","message":"Succesfully conected to the db","timestamp":"2017-03-27T18:55:28.418Z"}
{"level":"info","message":"Koa server listening on port 5000","timestamp":"2017-03-27T18:55:28.425Z"}
{"level":"info","message":"Succesfully conected to the db","timestamp":"2017-03-27T18:55:50.556Z"}
{"level":"info","message":"Koa server listening on port 5000","timestamp":"2017-03-27T18:55:50.566Z"}
{"level":"info","message":"Succesfully conected to the db","timestamp":"2017-03-27T18:56:01.477Z"}
{"level":"info","message":"Koa server listening on port 5000","timestamp":"2017-03-27T18:56:01.485Z"}
{"level":"info","message":"Succesfully conected to the db","timestamp":"2017-03-27T18:57:25.487Z"}
{"level":"info","message":"Koa server listening on port 5000","timestamp":"2017-03-27T18:57:25.496Z"}
{"level":"info","message":"Succesfully conected to the db","timestamp":"2017-03-27T18:57:59.995Z"}
{"level":"info","message":"Koa server listening on port 5000","timestamp":"2017-03-27T18:58:00.003Z"}
{"level":"info","message":"Succesfully conected to the db","timestamp":"2017-03-27T19:01:17.465Z"}
{"level":"info","message":"Koa server listening on port 5000","timestamp":"2017-03-27T19:01:17.472Z"}
{"level":"info","message":"Succesfully conected to the db","timestamp":"2017-03-27T19:02:37.630Z"}
{"level":"info","message":"Koa server listening on port 5000","timestamp":"2017-03-27T19:02:37.638Z"}
{"level":"info","message":"Succesfully conected to the db","timestamp":"2017-03-27T19:02:46.808Z"}
{"level":"info","message":"Koa server listening on port 5000","timestamp":"2017-03-27T19:02:46.815Z"}
{"level":"info","message":"Succesfully conected to the db","timestamp":"2017-03-27T19:02:51.962Z"}
{"level":"info","message":"Koa server listening on port 5000","timestamp":"2017-03-27T19:02:51.971Z"}
{"level":"info","message":"Succesfully conected to the db","timestamp":"2017-03-27T19:03:01.356Z"}
{"level":"info","message":"Koa server listening on port 5000","timestamp":"2017-03-27T19:03:01.364Z"}
{"level":"info","message":"Succesfully conected to the db","timestamp":"2017-03-27T19:03:18.539Z"}
{"level":"info","message":"Koa server listening on port 5000","timestamp":"2017-03-27T19:03:18.548Z"}
{"level":"info","message":"Succesfully conected to the db","timestamp":"2017-03-27T19:03:20.523Z"}
{"level":"info","message":"Koa server listening on port 5000","timestamp":"2017-03-27T19:03:20.530Z"}
{"level":"info","message":"Succesfully conected to the db","timestamp":"2017-03-27T19:04:21.209Z"}
{"level":"info","message":"Koa server listening on port 5000","timestamp":"2017-03-27T19:04:21.216Z"}
{"level":"info","message":"Succesfully conected to the db","timestamp":"2017-03-27T19:04:27.134Z"}
{"level":"info","message":"Koa server listening on port 5000","timestamp":"2017-03-27T19:04:27.142Z"}
{"level":"info","message":"Succesfully conected to the db","timestamp":"2017-03-27T19:04:45.655Z"}
{"level":"info","message":"Koa server listening on port 5000","timestamp":"2017-03-27T19:04:45.662Z"}
{"level":"info","message":"Succesfully conected to the db","timestamp":"2017-03-27T19:04:53.218Z"}
{"level":"info","message":"Koa server listening on port 5000","timestamp":"2017-03-27T19:04:53.226Z"}
{"level":"info","message":"Succesfully conected to the db","timestamp":"2017-03-27T19:05:01.076Z"}
{"level":"info","message":"Koa server listening on port 5000","timestamp":"2017-03-27T19:05:01.083Z"}
{"level":"info","message":"Succesfully conected to the db","timestamp":"2017-03-27T19:05:02.588Z"}
{"level":"info","message":"Koa server listening on port 5000","timestamp":"2017-03-27T19:05:02.595Z"}
{"level":"info","message":"Succesfully conected to the db","timestamp":"2017-03-27T19:05:04.858Z"}
{"level":"info","message":"Koa server listening on port 5000","timestamp":"2017-03-27T19:05:04.866Z"}
{"level":"info","message":"Succesfully conected to the db","timestamp":"2017-03-27T19:05:05.863Z"}
{"level":"info","message":"Koa server listening on port 5000","timestamp":"2017-03-27T19:05:05.871Z"}
{"level":"info","message":"Succesfully conected to the db","timestamp":"2017-03-27T19:05:44.141Z"}
{"level":"info","message":"Koa server listening on port 5000","timestamp":"2017-03-27T19:05:44.148Z"}
{"level":"info","message":"Succesfully conected to the db","timestamp":"2017-03-27T19:05:51.898Z"}
{"level":"info","message":"Koa server listening on port 5000","timestamp":"2017-03-27T19:05:51.906Z"}
{"level":"info","message":"Succesfully conected to the db","timestamp":"2017-03-27T19:07:53.188Z"}
{"level":"info","message":"Koa server listening on port 5000","timestamp":"2017-03-27T19:07:53.201Z"}
{"level":"info","message":"Succesfully conected to the db","timestamp":"2017-03-27T19:08:21.614Z"}
{"level":"info","message":"Koa server listening on port 5000","timestamp":"2017-03-27T19:08:21.622Z"}
{"level":"info","message":"Succesfully conected to the db","timestamp":"2017-03-27T19:09:34.318Z"}
{"level":"info","message":"Koa server listening on port 5000","timestamp":"2017-03-27T19:09:34.325Z"}
{"level":"info","message":"Succesfully conected to the db","timestamp":"2017-03-27T19:09:39.528Z"}
{"level":"info","message":"Koa server listening on port 5000","timestamp":"2017-03-27T19:09:39.544Z"}
{"level":"info","message":"Succesfully conected to the db","timestamp":"2017-03-27T19:09:44.858Z"}
{"level":"info","message":"Koa server listening on port 5000","timestamp":"2017-03-27T19:09:44.872Z"}
{"level":"info","message":"Succesfully conected to the db","timestamp":"2017-03-27T19:09:49.337Z"}
{"level":"info","message":"Koa server listening on port 5000","timestamp":"2017-03-27T19:09:49.351Z"}
{"level":"info","message":"Succesfully conected to the db","timestamp":"2017-03-27T19:10:33.493Z"}
{"level":"info","message":"Koa server listening on port 5000","timestamp":"2017-03-27T19:10:33.506Z"}
{"level":"info","message":"Succesfully conected to the db","timestamp":"2017-03-27T19:10:34.009Z"}
{"level":"info","message":"Koa server listening on port 5000","timestamp":"2017-03-27T19:10:34.022Z"}
{"level":"info","message":"Succesfully conected to the db","timestamp":"2017-03-27T19:10:45.304Z"}
{"level":"info","message":"Koa server listening on port 5000","timestamp":"2017-03-27T19:10:45.318Z"}
{"level":"info","message":"Succesfully conected to the db","timestamp":"2017-03-27T19:10:48.031Z"}
{"level":"info","message":"Koa server listening on port 5000","timestamp":"2017-03-27T19:10:48.045Z"}
{"level":"info","message":"Succesfully conected to the db","timestamp":"2017-03-27T19:10:49.767Z"}
{"level":"info","message":"Koa server listening on port 5000","timestamp":"2017-03-27T19:10:49.780Z"}
{"level":"info","message":"Succesfully conected to the db","timestamp":"2017-03-27T19:10:50.606Z"}
{"level":"info","message":"Koa server listening on port 5000","timestamp":"2017-03-27T19:10:50.619Z"}
{"level":"info","message":"Succesfully conected to the db","timestamp":"2017-03-27T19:10:54.304Z"}
{"level":"info","message":"Koa server listening on port 5000","timestamp":"2017-03-27T19:10:54.319Z"}
{"level":"info","message":"Succesfully conected to the db","timestamp":"2017-03-27T19:11:04.234Z"}
{"level":"info","message":"Koa server listening on port 5000","timestamp":"2017-03-27T19:11:04.248Z"}
{"level":"info","message":"Succesfully conected to the db","timestamp":"2017-03-27T19:11:21.470Z"}
{"level":"info","message":"Koa server listening on port 5000","timestamp":"2017-03-27T19:11:21.483Z"}
{"level":"info","message":"Succesfully conected to the db","timestamp":"2017-03-27T19:11:25.194Z"}
{"level":"info","message":"Koa server listening on port 5000","timestamp":"2017-03-27T19:11:25.206Z"}
{"level":"info","message":"Succesfully conected to the db","timestamp":"2017-03-27T19:11:26.258Z"}
{"level":"info","message":"Koa server listening on port 5000","timestamp":"2017-03-27T19:11:26.271Z"}
{"level":"info","message":"Succesfully conected to the db","timestamp":"2017-03-27T19:11:30.373Z"}
{"level":"info","message":"Koa server listening on port 5000","timestamp":"2017-03-27T19:11:30.386Z"}
{"level":"info","message":"Succesfully conected to the db","timestamp":"2017-03-27T19:11:54.848Z"}
{"level":"info","message":"Koa server listening on port 5000","timestamp":"2017-03-27T19:11:54.861Z"}
{"level":"info","message":"Succesfully conected to the db","timestamp":"2017-03-27T19:11:57.981Z"}
{"level":"info","message":"Koa server listening on port 5000","timestamp":"2017-03-27T19:11:57.994Z"}
{"level":"info","message":"Succesfully conected to the db","timestamp":"2017-03-27T19:11:59.677Z"}
{"level":"info","message":"Koa server listening on port 5000","timestamp":"2017-03-27T19:11:59.690Z"}
{"level":"info","message":"Succesfully conected to the db","timestamp":"2017-03-27T19:12:15.763Z"}
{"level":"info","message":"Koa server listening on port 5000","timestamp":"2017-03-27T19:12:15.776Z"}
{"level":"info","message":"Succesfully conected to the db","timestamp":"2017-03-27T19:14:29.557Z"}
{"level":"info","message":"Koa server listening on port 5000","timestamp":"2017-03-27T19:14:29.572Z"}
{"level":"info","message":"Succesfully conected to the db","timestamp":"2017-03-27T19:14:57.084Z"}
{"level":"info","message":"Koa server listening on port 5000","timestamp":"2017-03-27T19:14:57.098Z"}
{"level":"info","message":"Succesfully conected to the db","timestamp":"2017-03-27T19:14:59.081Z"}
{"level":"info","message":"Koa server listening on port 5000","timestamp":"2017-03-27T19:14:59.094Z"}
{"level":"info","message":"Succesfully conected to the db","timestamp":"2017-03-27T19:15:01.785Z"}
{"level":"info","message":"Koa server listening on port 5000","timestamp":"2017-03-27T19:15:01.799Z"}
{"level":"info","message":"Succesfully conected to the db","timestamp":"2017-03-27T19:15:07.001Z"}
{"level":"info","message":"Koa server listening on port 5000","timestamp":"2017-03-27T19:15:07.014Z"}
{"level":"info","message":"Succesfully conected to the db","timestamp":"2017-03-27T19:15:10.933Z"}
{"level":"info","message":"Koa server listening on port 5000","timestamp":"2017-03-27T19:15:10.947Z"}
{"level":"info","message":"Succesfully conected to the db","timestamp":"2017-03-27T19:15:58.302Z"}
{"level":"info","message":"Koa server listening on port 5000","timestamp":"2017-03-27T19:15:58.314Z"}
{"level":"info","message":"Succesfully conected to the db","timestamp":"2017-03-27T19:16:16.330Z"}
{"level":"info","message":"Koa server listening on port 5000","timestamp":"2017-03-27T19:16:16.344Z"}
{"level":"info","message":"Succesfully conected to the db","timestamp":"2017-03-27T19:16:20.405Z"}
{"level":"info","message":"Koa server listening on port 5000","timestamp":"2017-03-27T19:16:20.419Z"}
{"level":"info","message":"Succesfully conected to the db","timestamp":"2017-03-27T19:16:22.429Z"}
{"level":"info","message":"Koa server listening on port 5000","timestamp":"2017-03-27T19:16:22.443Z"}
{"message":"headers have already been sent","name":"AssertionError","actual":false,"expected":true,"operator":"==","generatedMessage":false,"stack":"AssertionError: headers have already been sent\n    at Object.set status [as status] (/Users/ppoliani/code/misc/gitlab/barter/js/api/node_modules/koa/lib/response.js:85:5)\n    at Object.status (/Users/ppoliani/code/misc/gitlab/barter/js/api/node_modules/delegates/index.js:92:31)\n    at Object.Error (/Users/ppoliani/code/misc/gitlab/barter/js/api/auth/authApi.js:29:22)\n    at InternalConstructor.matchWith (/Users/ppoliani/code/misc/gitlab/barter/js/api/node_modules/folktale/core/adt/data.js:67:27)\n    at checkAccessToken.map.result (/Users/ppoliani/code/misc/gitlab/barter/js/api/auth/authApi.js:26:14)\n    at Object.onResolved (/Users/ppoliani/code/misc/gitlab/barter/js/api/node_modules/folktale/data/task/_task.js:77:37)\n    at Object.Resolved (/Users/ppoliani/code/misc/gitlab/barter/js/api/node_modules/folktale/data/future/_deferred.js:60:29)\n    at InternalConstructor.matchWith (/Users/ppoliani/code/misc/gitlab/barter/js/api/node_modules/folktale/core/adt/data.js:67:27)\n    at _loop (/Users/ppoliani/code/misc/gitlab/barter/js/api/node_modules/folktale/data/future/_deferred.js:57:14)\n    at moveToState (/Users/ppoliani/code/misc/gitlab/barter/js/api/node_modules/folktale/data/future/_deferred.js:73:5)","level":"error","timestamp":"2017-03-27T19:16:34.133Z"}
{"level":"info","message":"Succesfully conected to the db","timestamp":"2017-03-27T19:17:02.100Z"}
{"level":"info","message":"Koa server listening on port 5000","timestamp":"2017-03-27T19:17:02.120Z"}
{"message":"headers have already been sent","name":"AssertionError","actual":false,"expected":true,"operator":"==","generatedMessage":false,"stack":"AssertionError: headers have already been sent\n    at Object.set status [as status] (/Users/ppoliani/code/misc/gitlab/barter/js/api/node_modules/koa/lib/response.js:85:5)\n    at Object.status (/Users/ppoliani/code/misc/gitlab/barter/js/api/node_modules/delegates/index.js:92:31)\n    at Object.Error (/Users/ppoliani/code/misc/gitlab/barter/js/api/auth/authApi.js:29:22)\n    at InternalConstructor.matchWith (/Users/ppoliani/code/misc/gitlab/barter/js/api/node_modules/folktale/core/adt/data.js:67:27)\n    at checkAccessToken.map.result (/Users/ppoliani/code/misc/gitlab/barter/js/api/auth/authApi.js:26:14)\n    at Object.onResolved (/Users/ppoliani/code/misc/gitlab/barter/js/api/node_modules/folktale/data/task/_task.js:77:37)\n    at Object.Resolved (/Users/ppoliani/code/misc/gitlab/barter/js/api/node_modules/folktale/data/future/_deferred.js:60:29)\n    at InternalConstructor.matchWith (/Users/ppoliani/code/misc/gitlab/barter/js/api/node_modules/folktale/core/adt/data.js:67:27)\n    at _loop (/Users/ppoliani/code/misc/gitlab/barter/js/api/node_modules/folktale/data/future/_deferred.js:57:14)\n    at moveToState (/Users/ppoliani/code/misc/gitlab/barter/js/api/node_modules/folktale/data/future/_deferred.js:73:5)","level":"error","timestamp":"2017-03-27T19:17:05.227Z"}
{"level":"info","message":"Succesfully conected to the db","timestamp":"2017-03-27T19:17:34.446Z"}
{"level":"info","message":"Koa server listening on port 5000","timestamp":"2017-03-27T19:17:34.459Z"}
{"level":"info","message":"Succesfully conected to the db","timestamp":"2017-03-27T19:18:00.102Z"}
{"level":"info","message":"Koa server listening on port 5000","timestamp":"2017-03-27T19:18:00.115Z"}
{"level":"info","message":"Succesfully conected to the db","timestamp":"2017-03-27T19:18:00.866Z"}
{"level":"info","message":"Koa server listening on port 5000","timestamp":"2017-03-27T19:18:00.879Z"}
{"message":"headers have already been sent","name":"AssertionError","actual":false,"expected":true,"operator":"==","generatedMessage":false,"stack":"AssertionError: headers have already been sent\n    at Object.set status [as status] (/Users/ppoliani/code/misc/gitlab/barter/js/api/node_modules/koa/lib/response.js:85:5)\n    at Object.status (/Users/ppoliani/code/misc/gitlab/barter/js/api/node_modules/delegates/index.js:92:31)\n    at Object.Error (/Users/ppoliani/code/misc/gitlab/barter/js/api/auth/authApi.js:29:22)\n    at InternalConstructor.matchWith (/Users/ppoliani/code/misc/gitlab/barter/js/api/node_modules/folktale/core/adt/data.js:67:27)\n    at checkAccessToken.map.result (/Users/ppoliani/code/misc/gitlab/barter/js/api/auth/authApi.js:26:14)\n    at Object.onResolved (/Users/ppoliani/code/misc/gitlab/barter/js/api/node_modules/folktale/data/task/_task.js:77:37)\n    at Object.Resolved (/Users/ppoliani/code/misc/gitlab/barter/js/api/node_modules/folktale/data/future/_deferred.js:60:29)\n    at InternalConstructor.matchWith (/Users/ppoliani/code/misc/gitlab/barter/js/api/node_modules/folktale/core/adt/data.js:67:27)\n    at _loop (/Users/ppoliani/code/misc/gitlab/barter/js/api/node_modules/folktale/data/future/_deferred.js:57:14)\n    at moveToState (/Users/ppoliani/code/misc/gitlab/barter/js/api/node_modules/folktale/data/future/_deferred.js:73:5)","level":"error","timestamp":"2017-03-27T19:18:05.928Z"}
{"level":"info","message":"Succesfully conected to the db","timestamp":"2017-03-27T19:18:28.673Z"}
{"level":"info","message":"Koa server listening on port 5000","timestamp":"2017-03-27T19:18:28.685Z"}
{"level":"info","message":"Succesfully conected to the db","timestamp":"2017-03-27T19:18:30.921Z"}
{"level":"info","message":"Koa server listening on port 5000","timestamp":"2017-03-27T19:18:30.935Z"}
{"level":"info","message":"Succesfully conected to the db","timestamp":"2017-03-27T19:18:32.805Z"}
{"level":"info","message":"Koa server listening on port 5000","timestamp":"2017-03-27T19:18:32.817Z"}
{"level":"info","message":"Succesfully conected to the db","timestamp":"2017-03-27T19:18:52.578Z"}
{"level":"info","message":"Koa server listening on port 5000","timestamp":"2017-03-27T19:18:52.593Z"}
{"level":"info","message":"Succesfully conected to the db","timestamp":"2017-03-27T19:18:54.367Z"}
{"level":"info","message":"Koa server listening on port 5000","timestamp":"2017-03-27T19:18:54.380Z"}
{"level":"info","message":"Succesfully conected to the db","timestamp":"2017-03-27T19:19:05.313Z"}
{"level":"info","message":"Koa server listening on port 5000","timestamp":"2017-03-27T19:19:05.328Z"}
{"level":"info","message":"Succesfully conected to the db","timestamp":"2017-03-27T19:19:05.918Z"}
{"level":"info","message":"Koa server listening on port 5000","timestamp":"2017-03-27T19:19:05.930Z"}
{"message":"headers have already been sent","name":"AssertionError","actual":false,"expected":true,"operator":"==","generatedMessage":false,"stack":"AssertionError: headers have already been sent\n    at Object.set status [as status] (/Users/ppoliani/code/misc/gitlab/barter/js/api/node_modules/koa/lib/response.js:85:5)\n    at Object.status (/Users/ppoliani/code/misc/gitlab/barter/js/api/node_modules/delegates/index.js:92:31)\n    at Object.Error (/Users/ppoliani/code/misc/gitlab/barter/js/api/auth/authApi.js:32:22)\n    at InternalConstructor.matchWith (/Users/ppoliani/code/misc/gitlab/barter/js/api/node_modules/folktale/core/adt/data.js:67:27)\n    at checkAccessToken.map.result (/Users/ppoliani/code/misc/gitlab/barter/js/api/auth/authApi.js:26:14)\n    at Object.onResolved (/Users/ppoliani/code/misc/gitlab/barter/js/api/node_modules/folktale/data/task/_task.js:77:37)\n    at Object.Resolved (/Users/ppoliani/code/misc/gitlab/barter/js/api/node_modules/folktale/data/future/_deferred.js:60:29)\n    at InternalConstructor.matchWith (/Users/ppoliani/code/misc/gitlab/barter/js/api/node_modules/folktale/core/adt/data.js:67:27)\n    at _loop (/Users/ppoliani/code/misc/gitlab/barter/js/api/node_modules/folktale/data/future/_deferred.js:57:14)\n    at moveToState (/Users/ppoliani/code/misc/gitlab/barter/js/api/node_modules/folktale/data/future/_deferred.js:73:5)","level":"error","timestamp":"2017-03-27T19:19:10.135Z"}
{"level":"info","message":"Succesfully conected to the db","timestamp":"2017-03-27T19:19:51.016Z"}
{"level":"info","message":"Koa server listening on port 5000","timestamp":"2017-03-27T19:19:51.029Z"}
{"message":"headers have already been sent","name":"AssertionError","actual":false,"expected":true,"operator":"==","generatedMessage":false,"stack":"AssertionError: headers have already been sent\n    at Object.set status [as status] (/Users/ppoliani/code/misc/gitlab/barter/js/api/node_modules/koa/lib/response.js:85:5)\n    at Object.status (/Users/ppoliani/code/misc/gitlab/barter/js/api/node_modules/delegates/index.js:92:31)\n    at Object.Error (/Users/ppoliani/code/misc/gitlab/barter/js/api/auth/authApi.js:32:22)\n    at InternalConstructor.matchWith (/Users/ppoliani/code/misc/gitlab/barter/js/api/node_modules/folktale/core/adt/data.js:67:27)\n    at checkAccessToken.map.result (/Users/ppoliani/code/misc/gitlab/barter/js/api/auth/authApi.js:26:14)\n    at Object.onResolved (/Users/ppoliani/code/misc/gitlab/barter/js/api/node_modules/folktale/data/task/_task.js:77:37)\n    at Object.Resolved (/Users/ppoliani/code/misc/gitlab/barter/js/api/node_modules/folktale/data/future/_deferred.js:60:29)\n    at InternalConstructor.matchWith (/Users/ppoliani/code/misc/gitlab/barter/js/api/node_modules/folktale/core/adt/data.js:67:27)\n    at _loop (/Users/ppoliani/code/misc/gitlab/barter/js/api/node_modules/folktale/data/future/_deferred.js:57:14)\n    at moveToState (/Users/ppoliani/code/misc/gitlab/barter/js/api/node_modules/folktale/data/future/_deferred.js:73:5)","level":"error","timestamp":"2017-03-27T19:19:56.825Z"}
{"level":"info","message":"Succesfully conected to the db","timestamp":"2017-03-27T19:20:04.981Z"}
{"level":"info","message":"Koa server listening on port 5000","timestamp":"2017-03-27T19:20:04.994Z"}
{"message":"headers have already been sent","name":"AssertionError","actual":false,"expected":true,"operator":"==","generatedMessage":false,"stack":"AssertionError: headers have already been sent\n    at Object.set status [as status] (/Users/ppoliani/code/misc/gitlab/barter/js/api/node_modules/koa/lib/response.js:85:5)\n    at Object.status (/Users/ppoliani/code/misc/gitlab/barter/js/api/node_modules/delegates/index.js:92:31)\n    at Object.Error (/Users/ppoliani/code/misc/gitlab/barter/js/api/auth/authApi.js:32:22)\n    at InternalConstructor.matchWith (/Users/ppoliani/code/misc/gitlab/barter/js/api/node_modules/folktale/core/adt/data.js:67:27)\n    at checkAccessToken.map.result (/Users/ppoliani/code/misc/gitlab/barter/js/api/auth/authApi.js:26:14)\n    at Object.onResolved (/Users/ppoliani/code/misc/gitlab/barter/js/api/node_modules/folktale/data/task/_task.js:77:37)\n    at Object.Resolved (/Users/ppoliani/code/misc/gitlab/barter/js/api/node_modules/folktale/data/future/_deferred.js:60:29)\n    at InternalConstructor.matchWith (/Users/ppoliani/code/misc/gitlab/barter/js/api/node_modules/folktale/core/adt/data.js:67:27)\n    at _loop (/Users/ppoliani/code/misc/gitlab/barter/js/api/node_modules/folktale/data/future/_deferred.js:57:14)\n    at moveToState (/Users/ppoliani/code/misc/gitlab/barter/js/api/node_modules/folktale/data/future/_deferred.js:73:5)","level":"error","timestamp":"2017-03-27T19:20:09.949Z"}
{"level":"info","message":"Succesfully conected to the db","timestamp":"2017-03-27T19:20:38.545Z"}
{"level":"info","message":"Koa server listening on port 5000","timestamp":"2017-03-27T19:20:38.558Z"}
{"level":"info","message":"Succesfully conected to the db","timestamp":"2017-03-27T19:21:52.177Z"}
{"level":"info","message":"Koa server listening on port 5000","timestamp":"2017-03-27T19:21:52.191Z"}
{"level":"info","message":"Succesfully conected to the db","timestamp":"2017-03-27T19:22:00.687Z"}
{"level":"info","message":"Koa server listening on port 5000","timestamp":"2017-03-27T19:22:00.700Z"}
{"level":"info","message":"Succesfully conected to the db","timestamp":"2017-03-27T19:22:05.171Z"}
{"level":"info","message":"Koa server listening on port 5000","timestamp":"2017-03-27T19:22:05.185Z"}
{"level":"info","message":"Succesfully conected to the db","timestamp":"2017-03-27T19:22:33.749Z"}
{"level":"info","message":"Koa server listening on port 5000","timestamp":"2017-03-27T19:22:33.762Z"}
{"level":"info","message":"Succesfully conected to the db","timestamp":"2017-03-27T19:22:35.443Z"}
{"level":"info","message":"Koa server listening on port 5000","timestamp":"2017-03-27T19:22:35.456Z"}
{"level":"info","message":"Succesfully conected to the db","timestamp":"2017-03-27T19:22:42.107Z"}
{"level":"info","message":"Koa server listening on port 5000","timestamp":"2017-03-27T19:22:42.121Z"}
{"level":"info","message":"Succesfully conected to the db","timestamp":"2017-03-27T19:22:45.512Z"}
{"level":"info","message":"Koa server listening on port 5000","timestamp":"2017-03-27T19:22:45.524Z"}
{"level":"info","message":"Succesfully conected to the db","timestamp":"2017-03-27T19:22:46.296Z"}
{"level":"info","message":"Koa server listening on port 5000","timestamp":"2017-03-27T19:22:46.309Z"}
{"level":"info","message":"Succesfully conected to the db","timestamp":"2017-03-27T19:23:40.103Z"}
{"level":"info","message":"Koa server listening on port 5000","timestamp":"2017-03-27T19:23:40.116Z"}
{"level":"info","message":"Succesfully conected to the db","timestamp":"2017-03-27T19:23:42.278Z"}
{"level":"info","message":"Koa server listening on port 5000","timestamp":"2017-03-27T19:23:42.291Z"}
{"level":"info","message":"Succesfully conected to the db","timestamp":"2017-03-27T19:23:54.989Z"}
{"level":"info","message":"Koa server listening on port 5000","timestamp":"2017-03-27T19:23:55.003Z"}
{"level":"info","message":"Succesfully conected to the db","timestamp":"2017-03-27T19:24:03.962Z"}
{"level":"info","message":"Koa server listening on port 5000","timestamp":"2017-03-27T19:24:03.974Z"}
{"level":"info","message":"Succesfully conected to the db","timestamp":"2017-03-27T19:26:24.575Z"}
{"level":"info","message":"Koa server listening on port 5000","timestamp":"2017-03-27T19:26:24.590Z"}
{"level":"error","message":"","timestamp":"2017-03-27T19:26:31.472Z"}
{"level":"error","message":"","timestamp":"2017-03-27T19:26:41.632Z"}
{"level":"info","message":"Succesfully conected to the db","timestamp":"2017-03-27T19:28:17.031Z"}
{"level":"info","message":"Koa server listening on port 5000","timestamp":"2017-03-27T19:28:17.044Z"}
{"level":"info","message":"Succesfully conected to the db","timestamp":"2017-03-27T19:28:28.551Z"}
{"level":"info","message":"Koa server listening on port 5000","timestamp":"2017-03-27T19:28:28.564Z"}
{"level":"error","message":"Invalid OAuth access token.","timestamp":"2017-03-27T19:28:32.569Z"}
{"level":"info","message":"Succesfully conected to the db","timestamp":"2017-03-27T19:28:49.548Z"}
{"level":"info","message":"Koa server listening on port 5000","timestamp":"2017-03-27T19:28:49.561Z"}
{"level":"info","message":"Succesfully conected to the db","timestamp":"2017-03-27T19:29:46.247Z"}
{"level":"info","message":"Koa server listening on port 5000","timestamp":"2017-03-27T19:29:46.260Z"}
{"level":"error","message":"Invalid OAuth access token.","timestamp":"2017-03-27T19:29:54.189Z"}
{"level":"info","message":"Succesfully conected to the db","timestamp":"2017-03-27T19:30:14.171Z"}
{"level":"info","message":"Koa server listening on port 5000","timestamp":"2017-03-27T19:30:14.184Z"}
{"level":"info","message":"Succesfully conected to the db","timestamp":"2017-03-27T19:30:21.482Z"}
{"level":"info","message":"Koa server listening on port 5000","timestamp":"2017-03-27T19:30:21.497Z"}
{"level":"error","message":"Invalid OAuth access token.","timestamp":"2017-03-27T19:30:24.910Z"}
{"level":"info","message":"Succesfully conected to the db","timestamp":"2017-03-27T19:30:41.655Z"}
{"level":"info","message":"Koa server listening on port 5000","timestamp":"2017-03-27T19:30:41.667Z"}
{"level":"info","message":"Succesfully conected to the db","timestamp":"2017-03-27T19:31:06.027Z"}
{"level":"info","message":"Koa server listening on port 5000","timestamp":"2017-03-27T19:31:06.040Z"}
{"level":"info","message":"Succesfully conected to the db","timestamp":"2017-03-27T19:31:07.436Z"}
{"level":"info","message":"Koa server listening on port 5000","timestamp":"2017-03-27T19:31:07.449Z"}
{"level":"info","message":"Succesfully conected to the db","timestamp":"2017-03-27T19:31:31.423Z"}
{"level":"info","message":"Koa server listening on port 5000","timestamp":"2017-03-27T19:31:31.436Z"}
{"level":"error","message":"Invalid OAuth access token.","timestamp":"2017-03-27T19:31:38.435Z"}
{"level":"info","message":"Succesfully conected to the db","timestamp":"2017-03-27T19:32:15.825Z"}
{"level":"info","message":"Koa server listening on port 5000","timestamp":"2017-03-27T19:32:15.838Z"}
{"level":"info","message":"Succesfully conected to the db","timestamp":"2017-03-27T19:33:34.398Z"}
{"level":"info","message":"Koa server listening on port 5000","timestamp":"2017-03-27T19:33:34.411Z"}
{"level":"error","message":"Invalid OAuth access token.","timestamp":"2017-03-27T19:33:39.251Z"}
{"level":"info","message":"Succesfully conected to the db","timestamp":"2017-03-27T19:34:19.011Z"}
{"level":"info","message":"Koa server listening on port 5000","timestamp":"2017-03-27T19:34:19.024Z"}
{"level":"info","message":"Succesfully conected to the db","timestamp":"2017-03-27T19:34:29.076Z"}
{"level":"info","message":"Koa server listening on port 5000","timestamp":"2017-03-27T19:34:29.089Z"}
{"level":"info","message":"Succesfully conected to the db","timestamp":"2017-03-27T19:34:46.917Z"}
{"level":"info","message":"Koa server listening on port 5000","timestamp":"2017-03-27T19:34:46.931Z"}
{"level":"info","message":"Succesfully conected to the db","timestamp":"2017-03-27T19:35:02.563Z"}
{"level":"info","message":"Koa server listening on port 5000","timestamp":"2017-03-27T19:35:02.576Z"}
{"level":"info","message":"Succesfully conected to the db","timestamp":"2017-03-27T19:35:03.834Z"}
{"level":"info","message":"Koa server listening on port 5000","timestamp":"2017-03-27T19:35:03.847Z"}
{"level":"info","message":"Succesfully conected to the db","timestamp":"2017-03-27T19:35:05.102Z"}
{"level":"info","message":"Koa server listening on port 5000","timestamp":"2017-03-27T19:35:05.115Z"}
{"level":"info","message":"Succesfully conected to the db","timestamp":"2017-03-27T19:35:09.362Z"}
{"level":"info","message":"Koa server listening on port 5000","timestamp":"2017-03-27T19:35:09.375Z"}
{"level":"info","message":"Succesfully conected to the db","timestamp":"2017-03-27T19:35:29.775Z"}
{"level":"info","message":"Koa server listening on port 5000","timestamp":"2017-03-27T19:35:29.788Z"}
{"level":"info","message":"Succesfully conected to the db","timestamp":"2017-03-27T19:35:39.532Z"}
{"level":"info","message":"Koa server listening on port 5000","timestamp":"2017-03-27T19:35:39.545Z"}
{"message":"HttpError is not a function","stack":"TypeError: HttpError is not a function\n    at Object.Error (/Users/ppoliani/code/misc/gitlab/barter/js/api/auth/authApi.js:32:18)\n    at InternalConstructor.matchWith (/Users/ppoliani/code/misc/gitlab/barter/js/api/node_modules/folktale/core/adt/data.js:67:27)\n    at checkAccessToken.map.result (/Users/ppoliani/code/misc/gitlab/barter/js/api/auth/authApi.js:27:14)\n    at Object.onResolved (/Users/ppoliani/code/misc/gitlab/barter/js/api/node_modules/folktale/data/task/_task.js:77:37)\n    at Object.Resolved (/Users/ppoliani/code/misc/gitlab/barter/js/api/node_modules/folktale/data/future/_deferred.js:60:29)\n    at InternalConstructor.matchWith (/Users/ppoliani/code/misc/gitlab/barter/js/api/node_modules/folktale/core/adt/data.js:67:27)\n    at _loop (/Users/ppoliani/code/misc/gitlab/barter/js/api/node_modules/folktale/data/future/_deferred.js:57:14)\n    at moveToState (/Users/ppoliani/code/misc/gitlab/barter/js/api/node_modules/folktale/data/future/_deferred.js:73:5)\n    at Deferred.resolve (/Users/ppoliani/code/misc/gitlab/barter/js/api/node_modules/folktale/data/future/_deferred.js:113:5)\n    at Object.resolve (/Users/ppoliani/code/misc/gitlab/barter/js/api/node_modules/folktale/data/task/_task.js:317:20)","level":"error","timestamp":"2017-03-27T19:35:47.956Z"}
{"message":"HttpError is not a function","stack":"TypeError: HttpError is not a function\n    at Object.Error (/Users/ppoliani/code/misc/gitlab/barter/js/api/auth/authApi.js:32:18)\n    at InternalConstructor.matchWith (/Users/ppoliani/code/misc/gitlab/barter/js/api/node_modules/folktale/core/adt/data.js:67:27)\n    at checkAccessToken.map.result (/Users/ppoliani/code/misc/gitlab/barter/js/api/auth/authApi.js:27:14)\n    at Object.onResolved (/Users/ppoliani/code/misc/gitlab/barter/js/api/node_modules/folktale/data/task/_task.js:77:37)\n    at Object.Resolved (/Users/ppoliani/code/misc/gitlab/barter/js/api/node_modules/folktale/data/future/_deferred.js:60:29)\n    at InternalConstructor.matchWith (/Users/ppoliani/code/misc/gitlab/barter/js/api/node_modules/folktale/core/adt/data.js:67:27)\n    at _loop (/Users/ppoliani/code/misc/gitlab/barter/js/api/node_modules/folktale/data/future/_deferred.js:57:14)\n    at moveToState (/Users/ppoliani/code/misc/gitlab/barter/js/api/node_modules/folktale/data/future/_deferred.js:73:5)\n    at Deferred.resolve (/Users/ppoliani/code/misc/gitlab/barter/js/api/node_modules/folktale/data/future/_deferred.js:113:5)\n    at Object.resolve (/Users/ppoliani/code/misc/gitlab/barter/js/api/node_modules/folktale/data/task/_task.js:317:20)","level":"error","timestamp":"2017-03-27T19:35:53.856Z"}
{"level":"info","message":"Succesfully conected to the db","timestamp":"2017-03-27T19:36:03.939Z"}
{"level":"info","message":"Koa server listening on port 5000","timestamp":"2017-03-27T19:36:03.952Z"}
{"level":"error","message":"Invalid OAuth access token.","timestamp":"2017-03-27T19:36:06.576Z"}
{"level":"info","message":"Succesfully conected to the db","timestamp":"2017-03-27T19:39:12.288Z"}
{"level":"info","message":"Koa server listening on port 5000","timestamp":"2017-03-27T19:39:12.300Z"}
{"message":"Cannot read property 'message' of undefined","stack":"TypeError: Cannot read property 'message' of undefined\n    at fetch.map.response (/Users/ppoliani/code/misc/gitlab/barter/js/api/auth/authApi.js:12:24)\n    at Object.onResolved (/Users/ppoliani/code/misc/gitlab/barter/js/api/node_modules/folktale/data/task/_task.js:77:37)\n    at Object.Resolved (/Users/ppoliani/code/misc/gitlab/barter/js/api/node_modules/folktale/data/future/_deferred.js:60:29)\n    at InternalConstructor.matchWith (/Users/ppoliani/code/misc/gitlab/barter/js/api/node_modules/folktale/core/adt/data.js:67:27)\n    at _loop (/Users/ppoliani/code/misc/gitlab/barter/js/api/node_modules/folktale/data/future/_deferred.js:57:14)\n    at moveToState (/Users/ppoliani/code/misc/gitlab/barter/js/api/node_modules/folktale/data/future/_deferred.js:73:5)\n    at Deferred.resolve (/Users/ppoliani/code/misc/gitlab/barter/js/api/node_modules/folktale/data/future/_deferred.js:113:5)\n    at Object.resolve (/Users/ppoliani/code/misc/gitlab/barter/js/api/node_modules/folktale/data/task/_task.js:317:20)\n    at response.json.then.response (/Users/ppoliani/code/misc/gitlab/barter/js/api/core/utils.js:24:20)\n    at process._tickCallback (internal/process/next_tick.js:109:7)","level":"error","timestamp":"2017-03-27T19:39:17.111Z"}
{"message":"Cannot read property 'message' of undefined","stack":"TypeError: Cannot read property 'message' of undefined\n    at fetch.map.response (/Users/ppoliani/code/misc/gitlab/barter/js/api/auth/authApi.js:12:24)\n    at Object.onResolved (/Users/ppoliani/code/misc/gitlab/barter/js/api/node_modules/folktale/data/task/_task.js:77:37)\n    at Object.Resolved (/Users/ppoliani/code/misc/gitlab/barter/js/api/node_modules/folktale/data/future/_deferred.js:60:29)\n    at InternalConstructor.matchWith (/Users/ppoliani/code/misc/gitlab/barter/js/api/node_modules/folktale/core/adt/data.js:67:27)\n    at _loop (/Users/ppoliani/code/misc/gitlab/barter/js/api/node_modules/folktale/data/future/_deferred.js:57:14)\n    at moveToState (/Users/ppoliani/code/misc/gitlab/barter/js/api/node_modules/folktale/data/future/_deferred.js:73:5)\n    at Deferred.resolve (/Users/ppoliani/code/misc/gitlab/barter/js/api/node_modules/folktale/data/future/_deferred.js:113:5)\n    at Object.resolve (/Users/ppoliani/code/misc/gitlab/barter/js/api/node_modules/folktale/data/task/_task.js:317:20)\n    at response.json.then.response (/Users/ppoliani/code/misc/gitlab/barter/js/api/core/utils.js:24:20)\n    at process._tickCallback (internal/process/next_tick.js:109:7)","level":"error","timestamp":"2017-03-27T19:39:21.266Z"}
{"level":"info","message":"Succesfully conected to the db","timestamp":"2017-03-27T19:39:46.412Z"}
{"level":"info","message":"Koa server listening on port 5000","timestamp":"2017-03-27T19:39:46.429Z"}
{"message":"Cannot read property 'message' of undefined","stack":"TypeError: Cannot read property 'message' of undefined\n    at fetch.map.response (/Users/ppoliani/code/misc/gitlab/barter/js/api/auth/authApi.js:12:24)\n    at Object.onResolved (/Users/ppoliani/code/misc/gitlab/barter/js/api/node_modules/folktale/data/task/_task.js:77:37)\n    at Object.Resolved (/Users/ppoliani/code/misc/gitlab/barter/js/api/node_modules/folktale/data/future/_deferred.js:60:29)\n    at InternalConstructor.matchWith (/Users/ppoliani/code/misc/gitlab/barter/js/api/node_modules/folktale/core/adt/data.js:67:27)\n    at _loop (/Users/ppoliani/code/misc/gitlab/barter/js/api/node_modules/folktale/data/future/_deferred.js:57:14)\n    at moveToState (/Users/ppoliani/code/misc/gitlab/barter/js/api/node_modules/folktale/data/future/_deferred.js:73:5)\n    at Deferred.resolve (/Users/ppoliani/code/misc/gitlab/barter/js/api/node_modules/folktale/data/future/_deferred.js:113:5)\n    at Object.resolve (/Users/ppoliani/code/misc/gitlab/barter/js/api/node_modules/folktale/data/task/_task.js:317:20)\n    at response.json.then.response (/Users/ppoliani/code/misc/gitlab/barter/js/api/core/utils.js:24:20)\n    at process._tickCallback (internal/process/next_tick.js:109:7)","level":"error","timestamp":"2017-03-27T19:39:51.120Z"}
{"message":"Cannot read property 'message' of undefined","stack":"TypeError: Cannot read property 'message' of undefined\n    at fetch.map.response (/Users/ppoliani/code/misc/gitlab/barter/js/api/auth/authApi.js:12:24)\n    at Object.onResolved (/Users/ppoliani/code/misc/gitlab/barter/js/api/node_modules/folktale/data/task/_task.js:77:37)\n    at Object.Resolved (/Users/ppoliani/code/misc/gitlab/barter/js/api/node_modules/folktale/data/future/_deferred.js:60:29)\n    at InternalConstructor.matchWith (/Users/ppoliani/code/misc/gitlab/barter/js/api/node_modules/folktale/core/adt/data.js:67:27)\n    at _loop (/Users/ppoliani/code/misc/gitlab/barter/js/api/node_modules/folktale/data/future/_deferred.js:57:14)\n    at moveToState (/Users/ppoliani/code/misc/gitlab/barter/js/api/node_modules/folktale/data/future/_deferred.js:73:5)\n    at Deferred.resolve (/Users/ppoliani/code/misc/gitlab/barter/js/api/node_modules/folktale/data/future/_deferred.js:113:5)\n    at Object.resolve (/Users/ppoliani/code/misc/gitlab/barter/js/api/node_modules/folktale/data/task/_task.js:317:20)\n    at response.json.then.response (/Users/ppoliani/code/misc/gitlab/barter/js/api/core/utils.js:24:20)\n    at process._tickCallback (internal/process/next_tick.js:109:7)","level":"error","timestamp":"2017-03-27T19:40:03.889Z"}
{"level":"info","message":"Succesfully conected to the db","timestamp":"2017-03-27T19:40:20.190Z"}
{"level":"info","message":"Koa server listening on port 5000","timestamp":"2017-03-27T19:40:20.204Z"}
{"level":"info","message":"Succesfully conected to the db","timestamp":"2017-03-27T19:40:36.462Z"}
{"level":"info","message":"Koa server listening on port 5000","timestamp":"2017-03-27T19:40:36.475Z"}
{"level":"info","message":"Succesfully conected to the db","timestamp":"2017-03-27T19:41:04.401Z"}
{"level":"info","message":"Koa server listening on port 5000","timestamp":"2017-03-27T19:41:04.414Z"}
{"level":"info","message":"Succesfully conected to the db","timestamp":"2017-03-27T19:41:24.220Z"}
{"level":"info","message":"Koa server listening on port 5000","timestamp":"2017-03-27T19:41:24.234Z"}
{"level":"info","message":"Succesfully conected to the db","timestamp":"2017-03-27T19:42:24.615Z"}
{"level":"info","message":"Koa server listening on port 5000","timestamp":"2017-03-27T19:42:24.629Z"}
{"level":"info","message":"Succesfully conected to the db","timestamp":"2017-03-27T19:42:26.581Z"}
{"level":"info","message":"Koa server listening on port 5000","timestamp":"2017-03-27T19:42:26.594Z"}
{"level":"info","message":"Succesfully conected to the db","timestamp":"2017-03-27T19:43:14.927Z"}
{"level":"info","message":"Koa server listening on port 5000","timestamp":"2017-03-27T19:43:14.940Z"}
{"level":"info","message":"Succesfully conected to the db","timestamp":"2017-03-27T19:43:15.232Z"}
{"level":"info","message":"Koa server listening on port 5000","timestamp":"2017-03-27T19:43:15.245Z"}
{"level":"error","message":"Invalid OAuth access token.","timestamp":"2017-03-27T19:43:18.721Z"}
{"level":"info","message":"Succesfully conected to the db","timestamp":"2017-03-27T19:43:24.776Z"}
{"level":"info","message":"Koa server listening on port 5000","timestamp":"2017-03-27T19:43:24.789Z"}
{"level":"info","message":"Succesfully conected to the db","timestamp":"2017-03-27T19:43:34.949Z"}
{"level":"info","message":"Koa server listening on port 5000","timestamp":"2017-03-27T19:43:34.962Z"}
